2016-05-03 21:34:19,224 [INFO] from play.core.server.NettyServer in pool-6-thread-2 - Listening for HTTP on /0:0:0:0:0:0:0:0:9000
2016-05-03 21:34:34,941 [ERROR] from application in New I/O worker #1 - 

! @701h0710k - Internal server error, for (GET) [/docs/index.html?url=/api-docs] ->
 
play.sbt.PlayExceptions$CompilationException: Compilation error[duplicate value for annotation argument nickname]
	at play.sbt.PlayExceptions$CompilationException$.apply(PlayExceptions.scala:27) ~[na:na]
	at play.sbt.PlayExceptions$CompilationException$.apply(PlayExceptions.scala:27) ~[na:na]
	at scala.Option.map(Option.scala:145) ~[scala-library-2.11.7.jar:na]
	at play.sbt.run.PlayReload$$anonfun$taskFailureHandler$1.apply(PlayReload.scala:49) ~[na:na]
	at play.sbt.run.PlayReload$$anonfun$taskFailureHandler$1.apply(PlayReload.scala:44) ~[na:na]
	at scala.Option.map(Option.scala:145) ~[scala-library-2.11.7.jar:na]
	at play.sbt.run.PlayReload$.taskFailureHandler(PlayReload.scala:44) ~[na:na]
	at play.sbt.run.PlayReload$.compileFailure(PlayReload.scala:40) ~[na:na]
	at play.sbt.run.PlayReload$$anonfun$compile$1.apply(PlayReload.scala:17) ~[na:na]
	at play.sbt.run.PlayReload$$anonfun$compile$1.apply(PlayReload.scala:17) ~[na:na]
	at scala.util.Either$LeftProjection.map(Either.scala:377) ~[scala-library-2.11.7.jar:na]
	at play.sbt.run.PlayReload$.compile(PlayReload.scala:17) ~[na:na]
	at play.sbt.run.PlayRun$$anonfun$playRunTask$1$$anonfun$apply$2$$anonfun$apply$3$$anonfun$2.apply(PlayRun.scala:61) ~[na:na]
	at play.sbt.run.PlayRun$$anonfun$playRunTask$1$$anonfun$apply$2$$anonfun$apply$3$$anonfun$2.apply(PlayRun.scala:61) ~[na:na]
	at play.runsupport.Reloader$$anonfun$reload$1.apply(Reloader.scala:323) ~[na:na]
	at play.runsupport.Reloader$$anon$3.run(Reloader.scala:43) ~[na:na]
	at java.security.AccessController.doPrivileged(Native Method) ~[na:1.8.0_91]
	at play.runsupport.Reloader$.play$runsupport$Reloader$$withReloaderContextClassLoader(Reloader.scala:39) ~[na:na]
	at play.runsupport.Reloader.reload(Reloader.scala:321) ~[na:na]
	at play.core.server.DevServerStart$$anonfun$mainDev$1$$anon$1$$anonfun$get$1.apply(DevServerStart.scala:113) ~[play-server_2.11-2.4.6.jar:2.4.6]
	at play.core.server.DevServerStart$$anonfun$mainDev$1$$anon$1$$anonfun$get$1.apply(DevServerStart.scala:111) ~[play-server_2.11-2.4.6.jar:2.4.6]
	at scala.concurrent.impl.Future$PromiseCompletingRunnable.liftedTree1$1(Future.scala:24) ~[scala-library-2.11.7.jar:na]
	at scala.concurrent.impl.Future$PromiseCompletingRunnable.run(Future.scala:24) ~[scala-library-2.11.7.jar:na]
	at java.util.concurrent.ForkJoinTask$RunnableExecuteAction.exec(ForkJoinTask.java:1402) ~[na:1.8.0_91]
	at java.util.concurrent.ForkJoinTask.doExec(ForkJoinTask.java:289) ~[na:1.8.0_91]
	at java.util.concurrent.ForkJoinPool$WorkQueue.runTask(ForkJoinPool.java:1056) ~[na:1.8.0_91]
	at java.util.concurrent.ForkJoinPool.runWorker(ForkJoinPool.java:1692) ~[na:1.8.0_91]
	at java.util.concurrent.ForkJoinWorkerThread.run(ForkJoinWorkerThread.java:157) ~[na:1.8.0_91]
2016-05-03 21:35:27,233 [WARN] from swagger in ForkJoinPool-1-worker-2 - ControllerScanner - looking for controllers with API annotation
2016-05-03 21:35:27,563 [INFO] from play.api.Play in ForkJoinPool-1-worker-2 - Application started (Dev)
2016-05-03 21:35:36,931 [INFO] from application in application-akka.actor.default-dispatcher-14 - Starting new universe.
2016-05-03 21:35:37,143 [INFO] from application in application-akka.actor.default-dispatcher-14 - Restarting everything...............................................
2016-05-03 21:35:37,182 [INFO] from application in ForkJoinPool-3-worker-13 - Universe finished loading....
2016-05-03 21:35:37,565 [INFO] from application in ForkJoinPool-3-worker-9 - Turn 2
2016-05-03 21:35:42,555 [INFO] from application in ForkJoinPool-3-worker-9 - Turn 3
2016-05-03 21:35:47,555 [INFO] from application in ForkJoinPool-3-worker-9 - Turn 4
2016-05-03 21:35:52,555 [INFO] from application in ForkJoinPool-3-worker-9 - Turn 5
2016-05-03 21:35:57,554 [INFO] from application in ForkJoinPool-3-worker-9 - Turn 6
2016-05-03 21:35:58,037 [INFO] from application in ForkJoinPool-3-worker-3 - {"player": [{"QueueComponent":{"content":[]}},{"UserComponent":{"id":"po2uvvbbm5cr","login":"test","name":"test","password":"test","startSector":"s9enclvcq19m","scenario":0}},{"ResourcesComponent":{"money":1000}}], "items": [[{"SpeedComponent":{"value":100}},{"HullComponent":{"value":1000}},{"ItemTypeComponent":{"value":0}},{"QueueComponent":{"content":[]}},{"SizeComponent":{"width":7,"length":20,"height":5}},{"NamedComponent":{"id":"mieimigrrc2t","name":"Crurn"}},{"ChildComponent":{"parent":"po2uvvbbm5cr"}},{"LocationComponent":{"sectorId":"s9enclvcq19m","sectorPosition":{"x":5087,"y":1719,"z":7237}}}],[{"HullComponent":{"value":10000}},{"ItemTypeComponent":{"value":1}},{"QueueComponent":{"content":[]}},{"SizeComponent":{"width":700,"length":2000,"height":500}},{"NamedComponent":{"id":"dbqqovquz0ii","name":"Goldstar"}},{"ChildComponent":{"parent":"po2uvvbbm5cr"}},{"LocationComponent":{"sectorId":"s9enclvcq19m","sectorPosition":{"x":311,"y":3510,"z":7867}}}]]}
2016-05-03 21:36:02,555 [INFO] from application in ForkJoinPool-3-worker-9 - Turn 7
2016-05-03 21:36:07,565 [INFO] from application in ForkJoinPool-3-worker-9 - Turn 8
2016-05-03 21:36:12,554 [INFO] from application in ForkJoinPool-3-worker-9 - Turn 9
2016-05-03 21:36:17,565 [INFO] from application in ForkJoinPool-3-worker-9 - Turn 10
2016-05-03 21:36:22,564 [INFO] from application in ForkJoinPool-3-worker-9 - Turn 11
2016-05-03 21:36:27,564 [INFO] from application in ForkJoinPool-3-worker-9 - Turn 12
2016-05-03 21:36:32,564 [INFO] from application in ForkJoinPool-3-worker-9 - Turn 13
2016-05-03 21:36:37,555 [INFO] from application in ForkJoinPool-3-worker-9 - Turn 14
2016-05-03 21:36:42,554 [INFO] from application in ForkJoinPool-3-worker-9 - Turn 15
2016-05-03 21:36:47,554 [INFO] from application in ForkJoinPool-3-worker-9 - Turn 16
2016-05-03 21:36:52,564 [INFO] from application in ForkJoinPool-3-worker-9 - Turn 17
2016-05-03 21:36:57,564 [INFO] from application in ForkJoinPool-3-worker-9 - Turn 18
2016-05-03 21:37:02,565 [INFO] from application in ForkJoinPool-3-worker-9 - Turn 19
2016-05-03 21:37:07,564 [INFO] from application in ForkJoinPool-3-worker-9 - Turn 20
2016-05-03 21:37:12,564 [INFO] from application in ForkJoinPool-3-worker-9 - Turn 21
2016-05-03 21:37:17,564 [INFO] from application in ForkJoinPool-3-worker-9 - Turn 22
2016-05-03 21:37:22,564 [INFO] from application in ForkJoinPool-3-worker-9 - Turn 23
2016-05-03 21:37:27,565 [INFO] from application in ForkJoinPool-3-worker-9 - Turn 24
2016-05-03 21:37:32,564 [INFO] from application in ForkJoinPool-3-worker-9 - Turn 25
2016-05-03 21:37:37,564 [INFO] from application in ForkJoinPool-3-worker-9 - Turn 26
2016-05-03 21:37:42,564 [INFO] from application in ForkJoinPool-3-worker-9 - Turn 27
2016-05-03 21:37:47,564 [INFO] from application in ForkJoinPool-3-worker-9 - Turn 28
2016-05-03 21:37:52,564 [INFO] from application in ForkJoinPool-3-worker-9 - Turn 29
2016-05-03 21:37:57,564 [INFO] from application in ForkJoinPool-3-worker-9 - Turn 30
2016-05-03 21:38:02,564 [INFO] from application in ForkJoinPool-3-worker-9 - Turn 31
2016-05-03 21:38:07,565 [INFO] from application in ForkJoinPool-3-worker-9 - Turn 32
2016-05-03 21:38:12,564 [INFO] from application in ForkJoinPool-3-worker-9 - Turn 33
2016-05-03 21:38:17,564 [INFO] from application in ForkJoinPool-3-worker-9 - Turn 34
2016-05-03 21:38:22,565 [INFO] from application in ForkJoinPool-3-worker-9 - Turn 35
2016-05-03 21:38:27,564 [INFO] from application in ForkJoinPool-3-worker-9 - Turn 36
2016-05-03 21:38:32,565 [INFO] from application in ForkJoinPool-3-worker-9 - Turn 37
2016-05-03 21:38:37,564 [INFO] from application in ForkJoinPool-3-worker-9 - Turn 38
2016-05-03 21:38:42,564 [INFO] from application in ForkJoinPool-3-worker-9 - Turn 39
2016-05-03 21:38:47,564 [INFO] from application in ForkJoinPool-3-worker-9 - Turn 40
2016-05-03 21:38:52,564 [INFO] from application in ForkJoinPool-3-worker-9 - Turn 41
2016-05-03 21:38:57,564 [INFO] from application in ForkJoinPool-3-worker-9 - Turn 42
2016-05-03 21:39:02,564 [INFO] from application in ForkJoinPool-3-worker-9 - Turn 43
2016-05-03 21:39:07,564 [INFO] from application in ForkJoinPool-3-worker-9 - Turn 44
2016-05-03 21:39:12,564 [INFO] from application in ForkJoinPool-3-worker-9 - Turn 45
2016-05-03 21:39:17,564 [INFO] from application in ForkJoinPool-3-worker-9 - Turn 46
2016-05-03 21:39:22,564 [INFO] from application in ForkJoinPool-3-worker-9 - Turn 47
2016-05-03 21:39:27,564 [INFO] from application in ForkJoinPool-3-worker-9 - Turn 48
2016-05-03 21:39:32,565 [INFO] from application in ForkJoinPool-3-worker-9 - Turn 49
2016-05-03 21:39:37,565 [INFO] from application in ForkJoinPool-3-worker-9 - Turn 50
2016-05-03 21:39:42,565 [INFO] from application in ForkJoinPool-3-worker-9 - Turn 51
2016-05-03 21:39:47,564 [INFO] from application in ForkJoinPool-3-worker-9 - Turn 52
2016-05-03 21:39:52,564 [INFO] from application in ForkJoinPool-3-worker-9 - Turn 53
2016-05-03 21:39:57,564 [INFO] from application in ForkJoinPool-3-worker-9 - Turn 54
2016-05-03 21:40:02,564 [INFO] from application in ForkJoinPool-3-worker-9 - Turn 55
2016-05-03 21:40:07,564 [INFO] from application in ForkJoinPool-3-worker-9 - Turn 56
2016-05-03 21:40:12,564 [INFO] from application in ForkJoinPool-3-worker-9 - Turn 57
2016-05-03 21:40:17,565 [INFO] from application in ForkJoinPool-3-worker-9 - Turn 58
2016-05-03 21:40:22,564 [INFO] from application in ForkJoinPool-3-worker-9 - Turn 59
2016-05-03 21:40:27,564 [INFO] from application in ForkJoinPool-3-worker-9 - Turn 60
2016-05-03 21:40:32,564 [INFO] from application in ForkJoinPool-3-worker-9 - Turn 61
2016-05-03 21:40:37,564 [INFO] from application in ForkJoinPool-3-worker-9 - Turn 62
2016-05-03 21:40:42,565 [INFO] from application in ForkJoinPool-3-worker-9 - Turn 63
2016-05-03 21:40:47,564 [INFO] from application in ForkJoinPool-3-worker-9 - Turn 64
2016-05-03 21:40:52,564 [INFO] from application in ForkJoinPool-3-worker-9 - Turn 65
2016-05-03 21:40:57,564 [INFO] from application in ForkJoinPool-3-worker-9 - Turn 66
2016-05-03 21:41:02,564 [INFO] from application in ForkJoinPool-3-worker-9 - Turn 67
2016-05-03 21:41:07,564 [INFO] from application in ForkJoinPool-3-worker-9 - Turn 68
2016-05-03 21:41:12,565 [INFO] from application in ForkJoinPool-3-worker-9 - Turn 69
2016-05-03 21:41:17,564 [INFO] from application in ForkJoinPool-3-worker-9 - Turn 70
2016-05-03 21:41:22,564 [INFO] from application in ForkJoinPool-3-worker-9 - Turn 71
2016-05-03 21:41:27,554 [INFO] from application in ForkJoinPool-3-worker-1 - Turn 72
2016-05-03 21:41:32,564 [INFO] from application in ForkJoinPool-3-worker-1 - Turn 73
2016-05-03 21:41:37,564 [INFO] from application in ForkJoinPool-3-worker-1 - Turn 74
2016-05-03 21:41:42,554 [INFO] from application in ForkJoinPool-3-worker-9 - Turn 75
2016-05-03 21:41:47,565 [INFO] from application in ForkJoinPool-3-worker-9 - Turn 76
2016-05-03 21:41:52,565 [INFO] from application in ForkJoinPool-3-worker-9 - Turn 77
2016-05-03 21:41:57,564 [INFO] from application in ForkJoinPool-3-worker-1 - Turn 78
2016-05-03 21:42:02,565 [INFO] from application in ForkJoinPool-3-worker-1 - Turn 79
2016-05-03 21:42:07,564 [INFO] from application in ForkJoinPool-3-worker-1 - Turn 80
2016-05-03 21:42:12,565 [INFO] from application in ForkJoinPool-3-worker-1 - Turn 81
2016-05-03 21:42:17,564 [INFO] from application in ForkJoinPool-3-worker-1 - Turn 82
2016-05-03 21:42:22,564 [INFO] from application in ForkJoinPool-3-worker-1 - Turn 83
2016-05-03 21:42:27,564 [INFO] from application in ForkJoinPool-3-worker-1 - Turn 84
2016-05-03 21:42:32,564 [INFO] from application in ForkJoinPool-3-worker-1 - Turn 85
2016-05-03 21:42:37,564 [INFO] from application in ForkJoinPool-3-worker-1 - Turn 86
2016-05-03 21:42:42,565 [INFO] from application in ForkJoinPool-3-worker-1 - Turn 87
2016-05-03 21:42:47,565 [INFO] from application in ForkJoinPool-3-worker-1 - Turn 88
2016-05-03 21:42:52,565 [INFO] from application in ForkJoinPool-3-worker-1 - Turn 89
2016-05-03 21:42:57,565 [INFO] from application in ForkJoinPool-3-worker-1 - Turn 90
2016-05-03 21:43:02,565 [INFO] from application in ForkJoinPool-3-worker-1 - Turn 91
2016-05-03 21:43:07,564 [INFO] from application in ForkJoinPool-3-worker-1 - Turn 92
2016-05-03 21:43:12,564 [INFO] from application in ForkJoinPool-3-worker-1 - Turn 93
2016-05-03 21:43:17,565 [INFO] from application in ForkJoinPool-3-worker-1 - Turn 94
2016-05-03 21:43:22,564 [INFO] from application in ForkJoinPool-3-worker-1 - Turn 95
2016-05-03 21:43:27,565 [INFO] from application in ForkJoinPool-3-worker-1 - Turn 96
2016-05-03 21:43:32,564 [INFO] from application in ForkJoinPool-3-worker-1 - Turn 97
2016-05-03 21:43:37,565 [INFO] from application in ForkJoinPool-3-worker-1 - Turn 98
2016-05-03 21:43:42,564 [INFO] from application in ForkJoinPool-3-worker-1 - Turn 99
2016-05-03 21:43:47,565 [INFO] from application in ForkJoinPool-3-worker-1 - Turn 100
2016-05-03 21:43:52,564 [INFO] from application in ForkJoinPool-3-worker-1 - Turn 101
2016-05-03 21:43:57,564 [INFO] from application in ForkJoinPool-3-worker-1 - Turn 102
2016-05-03 21:44:02,564 [INFO] from application in ForkJoinPool-3-worker-1 - Turn 103
2016-05-03 21:44:07,564 [INFO] from application in ForkJoinPool-3-worker-1 - Turn 104
2016-05-03 21:44:12,564 [INFO] from application in ForkJoinPool-3-worker-1 - Turn 105
2016-05-03 21:44:17,554 [INFO] from application in ForkJoinPool-3-worker-1 - Turn 106
2016-05-03 21:44:22,565 [INFO] from application in ForkJoinPool-3-worker-9 - Turn 107
2016-05-03 21:44:27,564 [INFO] from application in ForkJoinPool-3-worker-9 - Turn 108
2016-05-03 21:44:32,565 [INFO] from application in ForkJoinPool-3-worker-9 - Turn 109
2016-05-03 21:44:37,564 [INFO] from application in ForkJoinPool-3-worker-9 - Turn 110
2016-05-03 21:44:42,564 [INFO] from application in ForkJoinPool-3-worker-9 - Turn 111
2016-05-03 21:44:47,564 [INFO] from application in ForkJoinPool-3-worker-9 - Turn 112
2016-05-03 21:44:52,564 [INFO] from application in ForkJoinPool-3-worker-9 - Turn 113
2016-05-03 21:44:57,564 [INFO] from application in ForkJoinPool-3-worker-9 - Turn 114
2016-05-03 21:45:02,564 [INFO] from application in ForkJoinPool-3-worker-9 - Turn 115
2016-05-03 21:45:07,564 [INFO] from application in ForkJoinPool-3-worker-9 - Turn 116
2016-05-03 21:45:12,564 [INFO] from application in ForkJoinPool-3-worker-9 - Turn 117
2016-05-03 21:45:17,565 [INFO] from application in ForkJoinPool-3-worker-9 - Turn 118
2016-05-03 21:45:22,564 [INFO] from application in ForkJoinPool-3-worker-9 - Turn 119
2016-05-03 21:45:27,565 [INFO] from application in ForkJoinPool-3-worker-9 - Turn 120
2016-05-03 21:45:32,564 [INFO] from application in ForkJoinPool-3-worker-9 - Turn 121
2016-05-03 21:45:37,564 [INFO] from application in ForkJoinPool-3-worker-9 - Turn 122
2016-05-03 21:45:42,564 [INFO] from application in ForkJoinPool-3-worker-9 - Turn 123
2016-05-03 21:45:47,565 [INFO] from application in ForkJoinPool-3-worker-9 - Turn 124
2016-05-03 21:45:52,564 [INFO] from application in ForkJoinPool-3-worker-9 - Turn 125
2016-05-03 21:45:57,565 [INFO] from application in ForkJoinPool-3-worker-9 - Turn 126
2016-05-03 21:46:02,565 [INFO] from application in ForkJoinPool-3-worker-9 - Turn 127
2016-05-03 21:46:07,565 [INFO] from application in ForkJoinPool-3-worker-9 - Turn 128
2016-05-03 21:46:12,564 [INFO] from application in ForkJoinPool-3-worker-9 - Turn 129
2016-05-03 21:46:17,564 [INFO] from application in ForkJoinPool-3-worker-9 - Turn 130
2016-05-03 21:46:22,565 [INFO] from application in ForkJoinPool-3-worker-9 - Turn 131
2016-05-03 21:46:27,565 [INFO] from application in ForkJoinPool-3-worker-9 - Turn 132
2016-05-03 21:46:32,565 [INFO] from application in ForkJoinPool-3-worker-9 - Turn 133
2016-05-03 21:46:37,564 [INFO] from application in ForkJoinPool-3-worker-9 - Turn 134
2016-05-03 21:46:42,564 [INFO] from application in ForkJoinPool-3-worker-9 - Turn 135
2016-05-03 21:46:47,564 [INFO] from application in ForkJoinPool-3-worker-9 - Turn 136
2016-05-03 21:46:52,564 [INFO] from application in ForkJoinPool-3-worker-9 - Turn 137
2016-05-03 21:46:57,564 [INFO] from application in ForkJoinPool-3-worker-9 - Turn 138
2016-05-03 21:47:02,565 [INFO] from application in ForkJoinPool-3-worker-9 - Turn 139
2016-05-03 21:47:07,564 [INFO] from application in ForkJoinPool-3-worker-9 - Turn 140
2016-05-03 21:47:12,564 [INFO] from application in ForkJoinPool-3-worker-9 - Turn 141
2016-05-03 21:47:17,564 [INFO] from application in ForkJoinPool-3-worker-9 - Turn 142
2016-05-03 21:47:22,564 [INFO] from application in ForkJoinPool-3-worker-9 - Turn 143
2016-05-03 21:47:27,554 [INFO] from application in ForkJoinPool-3-worker-9 - Turn 144
2016-05-03 21:47:32,564 [INFO] from application in ForkJoinPool-3-worker-9 - Turn 145
2016-05-03 21:47:37,564 [INFO] from application in ForkJoinPool-3-worker-9 - Turn 146
2016-05-03 21:47:42,564 [INFO] from application in ForkJoinPool-3-worker-9 - Turn 147
2016-05-03 21:47:47,564 [INFO] from application in ForkJoinPool-3-worker-9 - Turn 148
2016-05-03 21:47:52,564 [INFO] from application in ForkJoinPool-3-worker-9 - Turn 149
2016-05-03 21:47:57,564 [INFO] from application in ForkJoinPool-3-worker-9 - Turn 150
2016-05-03 21:48:02,565 [INFO] from application in ForkJoinPool-3-worker-9 - Turn 151
2016-05-03 21:48:07,564 [INFO] from application in ForkJoinPool-3-worker-9 - Turn 152
2016-05-03 21:48:12,564 [INFO] from application in ForkJoinPool-3-worker-9 - Turn 153
2016-05-03 21:48:17,564 [INFO] from application in ForkJoinPool-3-worker-9 - Turn 154
2016-05-03 21:48:22,564 [INFO] from application in ForkJoinPool-3-worker-9 - Turn 155
2016-05-03 21:48:27,565 [INFO] from application in ForkJoinPool-3-worker-9 - Turn 156
2016-05-03 21:48:32,564 [INFO] from application in ForkJoinPool-3-worker-9 - Turn 157
2016-05-03 21:48:37,564 [INFO] from application in ForkJoinPool-3-worker-9 - Turn 158
2016-05-03 21:48:42,564 [INFO] from application in ForkJoinPool-3-worker-9 - Turn 159
2016-05-03 21:48:47,564 [INFO] from application in ForkJoinPool-3-worker-9 - Turn 160
2016-05-03 21:48:52,564 [INFO] from application in ForkJoinPool-3-worker-9 - Turn 161
2016-05-03 21:48:57,564 [INFO] from application in ForkJoinPool-3-worker-9 - Turn 162
2016-05-03 21:49:02,564 [INFO] from application in ForkJoinPool-3-worker-9 - Turn 163
2016-05-03 21:49:07,565 [INFO] from application in ForkJoinPool-3-worker-9 - Turn 164
2016-05-03 21:49:12,564 [INFO] from application in ForkJoinPool-3-worker-9 - Turn 165
2016-05-03 21:49:17,565 [INFO] from application in ForkJoinPool-3-worker-9 - Turn 166
2016-05-03 21:49:22,565 [INFO] from application in ForkJoinPool-3-worker-9 - Turn 167
2016-05-03 21:49:27,565 [INFO] from application in ForkJoinPool-3-worker-9 - Turn 168
2016-05-03 21:49:32,564 [INFO] from application in ForkJoinPool-3-worker-9 - Turn 169
2016-05-03 21:49:37,565 [INFO] from application in ForkJoinPool-3-worker-9 - Turn 170
2016-05-03 21:49:42,564 [INFO] from application in ForkJoinPool-3-worker-9 - Turn 171
2016-05-03 21:49:47,564 [INFO] from application in ForkJoinPool-3-worker-9 - Turn 172
2016-05-03 21:49:52,555 [INFO] from application in ForkJoinPool-3-worker-9 - Turn 173
2016-05-03 21:49:57,564 [INFO] from application in ForkJoinPool-3-worker-9 - Turn 174
2016-05-03 21:50:02,564 [INFO] from application in ForkJoinPool-3-worker-9 - Turn 175
2016-05-03 21:50:07,564 [INFO] from application in ForkJoinPool-3-worker-9 - Turn 176
2016-05-03 21:50:12,565 [INFO] from application in ForkJoinPool-3-worker-9 - Turn 177
2016-05-03 21:50:17,564 [INFO] from application in ForkJoinPool-3-worker-9 - Turn 178
2016-05-03 21:50:22,565 [INFO] from application in ForkJoinPool-3-worker-9 - Turn 179
2016-05-03 21:50:27,564 [INFO] from application in ForkJoinPool-3-worker-9 - Turn 180
2016-05-03 21:50:32,564 [INFO] from application in ForkJoinPool-3-worker-9 - Turn 181
2016-05-03 21:50:37,564 [INFO] from application in ForkJoinPool-3-worker-9 - Turn 182
2016-05-03 21:50:42,564 [INFO] from application in ForkJoinPool-3-worker-9 - Turn 183
2016-05-03 21:50:47,564 [INFO] from application in ForkJoinPool-3-worker-9 - Turn 184
2016-05-03 21:50:52,564 [INFO] from application in ForkJoinPool-3-worker-9 - Turn 185
2016-05-03 21:50:57,564 [INFO] from application in ForkJoinPool-3-worker-9 - Turn 186
2016-05-03 21:51:02,564 [INFO] from application in ForkJoinPool-3-worker-9 - Turn 187
2016-05-03 21:51:07,565 [INFO] from application in ForkJoinPool-3-worker-9 - Turn 188
2016-05-03 21:51:12,554 [INFO] from application in ForkJoinPool-3-worker-1 - Turn 189
2016-05-03 21:51:14,062 [INFO] from application in ForkJoinPool-3-worker-3 - {"player": [{"QueueComponent":{"content":[]}},{"UserComponent":{"id":"po2uvvbbm5cr","login":"test","name":"test","password":"test","startSector":"s9enclvcq19m","scenario":0}},{"ResourcesComponent":{"money":1000}}], "items": [[{"SpeedComponent":{"value":100}},{"HullComponent":{"value":1000}},{"ItemTypeComponent":{"value":0}},{"QueueComponent":{"content":[]}},{"SizeComponent":{"width":7,"length":20,"height":5}},{"NamedComponent":{"id":"mieimigrrc2t","name":"Crurn"}},{"ChildComponent":{"parent":"po2uvvbbm5cr"}},{"LocationComponent":{"sectorId":"s9enclvcq19m","sectorPosition":{"x":5087,"y":1719,"z":7237}}}],[{"HullComponent":{"value":10000}},{"ItemTypeComponent":{"value":1}},{"QueueComponent":{"content":[]}},{"SizeComponent":{"width":700,"length":2000,"height":500}},{"NamedComponent":{"id":"dbqqovquz0ii","name":"Goldstar"}},{"ChildComponent":{"parent":"po2uvvbbm5cr"}},{"LocationComponent":{"sectorId":"s9enclvcq19m","sectorPosition":{"x":311,"y":3510,"z":7867}}}]]}
2016-05-03 21:51:17,564 [INFO] from application in ForkJoinPool-3-worker-3 - Turn 190
2016-05-03 21:51:22,565 [INFO] from application in ForkJoinPool-3-worker-3 - Turn 191
2016-05-03 21:51:27,565 [INFO] from application in ForkJoinPool-3-worker-3 - Turn 192
2016-05-03 21:51:32,564 [INFO] from application in ForkJoinPool-3-worker-3 - Turn 193
2016-05-03 21:51:37,564 [INFO] from application in ForkJoinPool-3-worker-3 - Turn 194
2016-05-03 21:51:42,564 [INFO] from application in ForkJoinPool-3-worker-3 - Turn 195
2016-05-03 21:51:47,564 [INFO] from application in ForkJoinPool-3-worker-3 - Turn 196
2016-05-03 21:51:52,564 [INFO] from application in ForkJoinPool-3-worker-3 - Turn 197
2016-05-03 21:51:57,564 [INFO] from application in ForkJoinPool-3-worker-3 - Turn 198
2016-05-03 21:52:02,565 [INFO] from application in ForkJoinPool-3-worker-3 - Turn 199
2016-05-03 21:52:07,564 [INFO] from application in ForkJoinPool-3-worker-3 - Turn 200
2016-05-03 21:52:12,564 [INFO] from application in ForkJoinPool-3-worker-3 - Turn 201
2016-05-03 21:52:17,565 [INFO] from application in ForkJoinPool-3-worker-3 - Turn 202
2016-05-03 21:52:22,565 [INFO] from application in ForkJoinPool-3-worker-3 - Turn 203
2016-05-03 21:52:27,564 [INFO] from application in ForkJoinPool-3-worker-3 - Turn 204
