2015-10-26 21:17:06,614 [INFO] from play.api.libs.concurrent.ActorSystemProvider in pool-25-thread-3 - Starting application default Akka system: application
2015-10-26 21:17:06,667 [INFO] from play.core.server.NettyServer in pool-25-thread-3 - Listening for HTTP on /0:0:0:0:0:0:0:0:9000
2015-10-26 21:17:14,942 [INFO] from play.api.libs.concurrent.ActorSystemProvider in ForkJoinPool-4-worker-1 - Starting application default Akka system: application
2015-10-26 21:17:14,967 [WARN] from swagger in ForkJoinPool-4-worker-1 - ControllerScanner - looking for controllers with API annotation
2015-10-26 21:17:15,099 [INFO] from play.api.Play in ForkJoinPool-4-worker-1 - Application started (Dev)
2015-10-26 21:17:15,494 [INFO] from application in application-akka.actor.default-dispatcher-3 - Saving universe
2015-10-26 21:17:16,578 [INFO] from application in ForkJoinPool-4-worker-7 - Player created at akka://application/user/environment/admin-id
2015-10-26 21:17:16,578 [INFO] from application in ForkJoinPool-4-worker-7 - Player created at akka://application/user/environment/vyry1crpklzu
2015-10-26 21:17:16,578 [INFO] from application in ForkJoinPool-4-worker-7 - Player created at akka://application/user/environment/3bv244wwbwzb
2015-10-26 21:17:16,623 [INFO] from application in application-akka.actor.default-dispatcher-3 - Asking children to end turn
2015-10-26 21:17:16,652 [INFO] from application in ForkJoinPool-4-worker-7 - {"value":"Done"}
2015-10-26 21:17:21,508 [INFO] from application in application-akka.actor.default-dispatcher-2 - Asking children to end turn
2015-10-26 21:17:26,509 [INFO] from application in application-akka.actor.default-dispatcher-3 - Asking children to end turn
2015-10-26 21:17:31,508 [INFO] from application in application-akka.actor.default-dispatcher-6 - Asking children to end turn
2015-10-26 21:17:36,509 [INFO] from application in application-akka.actor.default-dispatcher-8 - Asking children to end turn
2015-10-26 21:17:41,509 [INFO] from application in application-akka.actor.default-dispatcher-5 - Asking children to end turn
2015-10-26 21:17:46,508 [INFO] from application in application-akka.actor.default-dispatcher-6 - Asking children to end turn
2015-10-26 21:17:51,508 [INFO] from application in application-akka.actor.default-dispatcher-7 - Asking children to end turn
2015-10-26 21:17:56,508 [INFO] from application in application-akka.actor.default-dispatcher-2 - Asking children to end turn
2015-10-26 21:18:01,508 [INFO] from application in application-akka.actor.default-dispatcher-5 - Asking children to end turn
2015-10-26 21:18:06,508 [INFO] from application in application-akka.actor.default-dispatcher-5 - Asking children to end turn
2015-10-26 21:18:11,508 [INFO] from application in application-akka.actor.default-dispatcher-6 - Asking children to end turn
2015-10-26 21:18:16,509 [INFO] from application in application-akka.actor.default-dispatcher-7 - Asking children to end turn
2015-10-26 21:18:21,508 [INFO] from application in application-akka.actor.default-dispatcher-5 - Asking children to end turn
2015-10-26 21:18:26,498 [INFO] from application in application-akka.actor.default-dispatcher-8 - Asking children to end turn
2015-10-26 21:18:31,508 [INFO] from application in application-akka.actor.default-dispatcher-2 - Asking children to end turn
2015-10-26 21:18:36,509 [INFO] from application in application-akka.actor.default-dispatcher-7 - Asking children to end turn
2015-10-26 21:18:41,508 [INFO] from application in application-akka.actor.default-dispatcher-6 - Asking children to end turn
2015-10-26 21:18:46,508 [INFO] from application in application-akka.actor.default-dispatcher-7 - Asking children to end turn
2015-10-26 21:18:51,509 [INFO] from application in application-akka.actor.default-dispatcher-9 - Asking children to end turn
2015-10-26 21:18:56,509 [INFO] from application in application-akka.actor.default-dispatcher-8 - Asking children to end turn
2015-10-26 21:19:01,508 [INFO] from application in application-akka.actor.default-dispatcher-6 - Asking children to end turn
2015-10-26 21:19:06,508 [INFO] from application in application-akka.actor.default-dispatcher-11 - Asking children to end turn
2015-10-26 21:19:11,508 [INFO] from application in application-akka.actor.default-dispatcher-6 - Asking children to end turn
2015-10-26 21:19:16,508 [INFO] from application in application-akka.actor.default-dispatcher-6 - Asking children to end turn
2015-10-26 21:19:21,508 [INFO] from application in application-akka.actor.default-dispatcher-6 - Asking children to end turn
2015-10-26 21:19:26,508 [INFO] from application in application-akka.actor.default-dispatcher-6 - Asking children to end turn
2015-10-26 21:19:31,508 [INFO] from application in application-akka.actor.default-dispatcher-10 - Asking children to end turn
2015-10-26 21:19:36,509 [INFO] from application in application-akka.actor.default-dispatcher-9 - Asking children to end turn
2015-10-26 21:19:41,508 [INFO] from application in application-akka.actor.default-dispatcher-9 - Asking children to end turn
2015-10-26 21:19:46,509 [INFO] from application in application-akka.actor.default-dispatcher-10 - Asking children to end turn
2015-10-26 21:19:51,508 [INFO] from application in application-akka.actor.default-dispatcher-7 - Asking children to end turn
2015-10-26 21:19:56,509 [INFO] from application in application-akka.actor.default-dispatcher-7 - Asking children to end turn
2015-10-26 21:20:01,508 [INFO] from application in application-akka.actor.default-dispatcher-12 - Asking children to end turn
2015-10-26 21:20:06,508 [INFO] from application in application-akka.actor.default-dispatcher-7 - Asking children to end turn
2015-10-26 21:20:11,508 [INFO] from application in application-akka.actor.default-dispatcher-9 - Asking children to end turn
2015-10-26 21:20:16,508 [INFO] from application in application-akka.actor.default-dispatcher-9 - Asking children to end turn
2015-10-26 21:20:21,508 [INFO] from application in application-akka.actor.default-dispatcher-6 - Asking children to end turn
2015-10-26 21:20:26,498 [INFO] from application in application-akka.actor.default-dispatcher-12 - Asking children to end turn
2015-10-26 21:20:31,509 [INFO] from application in application-akka.actor.default-dispatcher-3 - Asking children to end turn
2015-10-26 21:20:36,498 [INFO] from application in application-akka.actor.default-dispatcher-12 - Asking children to end turn
2015-10-26 21:20:41,509 [INFO] from application in application-akka.actor.default-dispatcher-12 - Asking children to end turn
2015-10-26 21:20:46,508 [INFO] from application in application-akka.actor.default-dispatcher-9 - Asking children to end turn
2015-10-26 21:20:51,508 [INFO] from application in application-akka.actor.default-dispatcher-14 - Asking children to end turn
2015-10-26 21:20:56,508 [INFO] from application in application-akka.actor.default-dispatcher-9 - Asking children to end turn
2015-10-26 21:21:01,508 [INFO] from application in application-akka.actor.default-dispatcher-12 - Asking children to end turn
2015-10-26 21:21:06,509 [INFO] from application in application-akka.actor.default-dispatcher-12 - Asking children to end turn
2015-10-26 21:21:11,508 [INFO] from application in application-akka.actor.default-dispatcher-14 - Asking children to end turn
2015-10-26 21:21:16,508 [INFO] from application in application-akka.actor.default-dispatcher-10 - Asking children to end turn
2015-10-26 21:21:21,508 [INFO] from application in application-akka.actor.default-dispatcher-14 - Asking children to end turn
2015-10-26 21:21:26,508 [INFO] from application in application-akka.actor.default-dispatcher-10 - Asking children to end turn
2015-10-26 21:21:31,508 [INFO] from application in application-akka.actor.default-dispatcher-12 - Asking children to end turn
2015-10-26 21:21:36,508 [INFO] from application in application-akka.actor.default-dispatcher-3 - Asking children to end turn
2015-10-26 21:21:41,508 [INFO] from application in application-akka.actor.default-dispatcher-7 - Asking children to end turn
2015-10-26 21:21:46,508 [INFO] from application in application-akka.actor.default-dispatcher-14 - Asking children to end turn
2015-10-26 21:21:51,508 [INFO] from application in application-akka.actor.default-dispatcher-7 - Asking children to end turn
2015-10-26 21:21:56,508 [INFO] from application in application-akka.actor.default-dispatcher-10 - Asking children to end turn
2015-10-26 21:22:01,508 [INFO] from application in application-akka.actor.default-dispatcher-14 - Asking children to end turn
2015-10-26 21:22:06,508 [INFO] from application in application-akka.actor.default-dispatcher-10 - Asking children to end turn
2015-10-26 21:22:11,508 [INFO] from application in application-akka.actor.default-dispatcher-3 - Asking children to end turn
2015-10-26 21:22:16,509 [INFO] from application in application-akka.actor.default-dispatcher-9 - Asking children to end turn
2015-10-26 21:22:21,508 [INFO] from application in application-akka.actor.default-dispatcher-12 - Asking children to end turn
2015-10-26 21:22:26,508 [INFO] from application in application-akka.actor.default-dispatcher-10 - Asking children to end turn
2015-10-26 21:22:31,508 [INFO] from application in application-akka.actor.default-dispatcher-14 - Asking children to end turn
2015-10-26 21:22:36,508 [INFO] from application in application-akka.actor.default-dispatcher-14 - Asking children to end turn
2015-10-26 21:22:41,508 [INFO] from application in application-akka.actor.default-dispatcher-7 - Asking children to end turn
2015-10-26 21:22:46,509 [INFO] from application in application-akka.actor.default-dispatcher-7 - Asking children to end turn
2015-10-26 21:22:51,509 [INFO] from application in application-akka.actor.default-dispatcher-3 - Asking children to end turn
2015-10-26 21:22:56,508 [INFO] from application in application-akka.actor.default-dispatcher-7 - Asking children to end turn
2015-10-26 21:23:01,508 [INFO] from application in application-akka.actor.default-dispatcher-7 - Asking children to end turn
2015-10-26 21:23:06,508 [INFO] from application in application-akka.actor.default-dispatcher-9 - Asking children to end turn
2015-10-26 21:23:11,508 [INFO] from application in application-akka.actor.default-dispatcher-3 - Asking children to end turn
2015-10-26 21:23:16,509 [INFO] from application in application-akka.actor.default-dispatcher-14 - Asking children to end turn
2015-10-26 21:23:21,508 [INFO] from application in application-akka.actor.default-dispatcher-10 - Asking children to end turn
2015-10-26 21:23:26,509 [INFO] from application in application-akka.actor.default-dispatcher-10 - Asking children to end turn
2015-10-26 21:23:31,508 [INFO] from application in application-akka.actor.default-dispatcher-10 - Asking children to end turn
2015-10-26 21:23:36,508 [INFO] from application in application-akka.actor.default-dispatcher-7 - Asking children to end turn
2015-10-26 21:23:41,508 [INFO] from application in application-akka.actor.default-dispatcher-7 - Asking children to end turn
2015-10-26 21:23:46,508 [INFO] from application in application-akka.actor.default-dispatcher-3 - Asking children to end turn
2015-10-26 21:23:51,508 [INFO] from application in application-akka.actor.default-dispatcher-10 - Asking children to end turn
2015-10-26 21:23:56,508 [INFO] from application in application-akka.actor.default-dispatcher-12 - Asking children to end turn
2015-10-26 21:24:01,508 [INFO] from application in application-akka.actor.default-dispatcher-12 - Asking children to end turn
2015-10-26 21:24:06,509 [INFO] from application in application-akka.actor.default-dispatcher-10 - Asking children to end turn
2015-10-26 21:24:11,508 [INFO] from application in application-akka.actor.default-dispatcher-3 - Asking children to end turn
2015-10-26 21:24:16,508 [INFO] from application in application-akka.actor.default-dispatcher-17 - Asking children to end turn
2015-10-26 21:24:21,509 [INFO] from application in application-akka.actor.default-dispatcher-17 - Asking children to end turn
2015-10-26 21:24:26,508 [INFO] from application in application-akka.actor.default-dispatcher-9 - Asking children to end turn
2015-10-26 21:24:31,508 [INFO] from application in application-akka.actor.default-dispatcher-10 - Asking children to end turn
2015-10-26 21:24:36,508 [INFO] from application in application-akka.actor.default-dispatcher-12 - Asking children to end turn
2015-10-26 21:24:41,509 [INFO] from application in application-akka.actor.default-dispatcher-17 - Asking children to end turn
2015-10-26 21:24:46,509 [INFO] from application in application-akka.actor.default-dispatcher-17 - Asking children to end turn
2015-10-26 21:24:51,508 [INFO] from application in application-akka.actor.default-dispatcher-17 - Asking children to end turn
2015-10-26 21:24:56,509 [INFO] from application in application-akka.actor.default-dispatcher-16 - Asking children to end turn
2015-10-26 21:25:01,509 [INFO] from application in application-akka.actor.default-dispatcher-9 - Asking children to end turn
2015-10-26 21:25:06,508 [INFO] from application in application-akka.actor.default-dispatcher-16 - Asking children to end turn
2015-10-26 21:25:11,508 [INFO] from application in application-akka.actor.default-dispatcher-9 - Asking children to end turn
2015-10-26 21:25:16,508 [INFO] from application in application-akka.actor.default-dispatcher-10 - Asking children to end turn
2015-10-26 21:25:21,508 [INFO] from application in application-akka.actor.default-dispatcher-9 - Asking children to end turn
2015-10-26 21:25:26,508 [INFO] from application in application-akka.actor.default-dispatcher-12 - Asking children to end turn
2015-10-26 21:25:31,509 [INFO] from application in application-akka.actor.default-dispatcher-10 - Asking children to end turn
2015-10-26 21:25:36,509 [INFO] from application in application-akka.actor.default-dispatcher-16 - Asking children to end turn
2015-10-26 21:25:41,508 [INFO] from application in application-akka.actor.default-dispatcher-17 - Asking children to end turn
2015-10-26 21:25:46,508 [INFO] from application in application-akka.actor.default-dispatcher-17 - Asking children to end turn
2015-10-26 21:25:51,508 [INFO] from application in application-akka.actor.default-dispatcher-17 - Asking children to end turn
2015-10-26 21:25:56,509 [INFO] from application in application-akka.actor.default-dispatcher-9 - Asking children to end turn
2015-10-26 21:26:01,508 [INFO] from application in application-akka.actor.default-dispatcher-10 - Asking children to end turn
2015-10-26 21:26:06,508 [INFO] from application in application-akka.actor.default-dispatcher-17 - Asking children to end turn
2015-10-26 21:26:11,508 [INFO] from application in application-akka.actor.default-dispatcher-16 - Asking children to end turn
2015-10-26 21:26:16,508 [INFO] from application in application-akka.actor.default-dispatcher-3 - Asking children to end turn
2015-10-26 21:26:21,508 [INFO] from application in application-akka.actor.default-dispatcher-19 - Asking children to end turn
2015-10-26 21:26:26,509 [INFO] from application in application-akka.actor.default-dispatcher-3 - Asking children to end turn
2015-10-26 21:26:31,508 [INFO] from application in application-akka.actor.default-dispatcher-21 - Asking children to end turn
2015-10-26 21:26:36,508 [INFO] from application in application-akka.actor.default-dispatcher-12 - Asking children to end turn
2015-10-26 21:26:41,508 [INFO] from application in application-akka.actor.default-dispatcher-10 - Asking children to end turn
2015-10-26 21:26:46,508 [INFO] from application in application-akka.actor.default-dispatcher-10 - Asking children to end turn
2015-10-26 21:26:51,508 [INFO] from application in application-akka.actor.default-dispatcher-9 - Asking children to end turn
2015-10-26 21:26:56,508 [INFO] from application in application-akka.actor.default-dispatcher-10 - Asking children to end turn
2015-10-26 21:27:01,508 [INFO] from application in application-akka.actor.default-dispatcher-19 - Asking children to end turn
2015-10-26 21:27:06,509 [INFO] from application in application-akka.actor.default-dispatcher-21 - Asking children to end turn
2015-10-26 21:27:11,508 [INFO] from application in application-akka.actor.default-dispatcher-21 - Asking children to end turn
2015-10-26 21:27:16,508 [INFO] from application in application-akka.actor.default-dispatcher-21 - Asking children to end turn
2015-10-26 21:27:21,508 [INFO] from application in application-akka.actor.default-dispatcher-10 - Asking children to end turn
2015-10-26 21:27:26,508 [INFO] from application in application-akka.actor.default-dispatcher-19 - Asking children to end turn
2015-10-26 21:27:31,509 [INFO] from application in application-akka.actor.default-dispatcher-19 - Asking children to end turn
2015-10-26 21:27:36,508 [INFO] from application in application-akka.actor.default-dispatcher-10 - Asking children to end turn
2015-10-26 21:27:41,508 [INFO] from application in application-akka.actor.default-dispatcher-16 - Asking children to end turn
2015-10-26 21:27:46,508 [INFO] from application in application-akka.actor.default-dispatcher-21 - Asking children to end turn
2015-10-26 21:27:51,508 [INFO] from application in application-akka.actor.default-dispatcher-21 - Asking children to end turn
2015-10-26 21:27:56,508 [INFO] from application in application-akka.actor.default-dispatcher-17 - Asking children to end turn
2015-10-26 21:28:01,508 [INFO] from application in application-akka.actor.default-dispatcher-21 - Asking children to end turn
2015-10-26 21:28:06,508 [INFO] from application in application-akka.actor.default-dispatcher-17 - Asking children to end turn
2015-10-26 21:28:11,508 [INFO] from application in application-akka.actor.default-dispatcher-10 - Asking children to end turn
2015-10-26 21:28:16,508 [INFO] from application in application-akka.actor.default-dispatcher-19 - Asking children to end turn
2015-10-26 21:28:21,508 [INFO] from application in application-akka.actor.default-dispatcher-19 - Asking children to end turn
2015-10-26 21:28:26,508 [INFO] from application in application-akka.actor.default-dispatcher-19 - Asking children to end turn
2015-10-26 21:28:31,508 [INFO] from application in application-akka.actor.default-dispatcher-19 - Asking children to end turn
2015-10-26 21:28:36,508 [INFO] from application in application-akka.actor.default-dispatcher-19 - Asking children to end turn
2015-10-26 21:28:41,508 [INFO] from application in application-akka.actor.default-dispatcher-21 - Asking children to end turn
2015-10-26 21:28:46,508 [INFO] from application in application-akka.actor.default-dispatcher-19 - Asking children to end turn
2015-10-26 21:28:51,508 [INFO] from application in application-akka.actor.default-dispatcher-9 - Asking children to end turn
2015-10-26 21:28:56,508 [INFO] from application in application-akka.actor.default-dispatcher-21 - Asking children to end turn
2015-10-26 21:29:01,508 [INFO] from application in application-akka.actor.default-dispatcher-10 - Asking children to end turn
2015-10-26 21:29:06,508 [INFO] from application in application-akka.actor.default-dispatcher-9 - Asking children to end turn
2015-10-26 21:29:11,508 [INFO] from application in application-akka.actor.default-dispatcher-9 - Asking children to end turn
2015-10-26 21:29:16,508 [INFO] from application in application-akka.actor.default-dispatcher-16 - Asking children to end turn
2015-10-26 21:29:21,508 [INFO] from application in application-akka.actor.default-dispatcher-16 - Asking children to end turn
2015-10-26 21:29:26,509 [INFO] from application in application-akka.actor.default-dispatcher-16 - Asking children to end turn
2015-10-26 21:29:31,509 [INFO] from application in application-akka.actor.default-dispatcher-10 - Asking children to end turn
2015-10-26 21:29:36,508 [INFO] from application in application-akka.actor.default-dispatcher-17 - Asking children to end turn
2015-10-26 21:29:41,498 [INFO] from application in application-akka.actor.default-dispatcher-9 - Asking children to end turn
2015-10-26 21:29:46,508 [INFO] from application in application-akka.actor.default-dispatcher-21 - Asking children to end turn
2015-10-26 21:29:51,508 [INFO] from application in application-akka.actor.default-dispatcher-17 - Asking children to end turn
2015-10-26 21:29:56,509 [INFO] from application in application-akka.actor.default-dispatcher-21 - Asking children to end turn
2015-10-26 21:30:01,508 [INFO] from application in application-akka.actor.default-dispatcher-10 - Asking children to end turn
2015-10-26 21:30:06,509 [INFO] from application in application-akka.actor.default-dispatcher-9 - Asking children to end turn
2015-10-26 21:30:11,508 [INFO] from application in application-akka.actor.default-dispatcher-9 - Asking children to end turn
2015-10-26 21:30:16,508 [INFO] from application in application-akka.actor.default-dispatcher-19 - Asking children to end turn
2015-10-26 21:30:21,508 [INFO] from application in application-akka.actor.default-dispatcher-23 - Asking children to end turn
2015-10-26 21:30:26,508 [INFO] from application in application-akka.actor.default-dispatcher-16 - Asking children to end turn
2015-10-26 21:30:31,508 [INFO] from application in application-akka.actor.default-dispatcher-21 - Asking children to end turn
2015-10-26 21:30:36,508 [INFO] from application in application-akka.actor.default-dispatcher-21 - Asking children to end turn
2015-10-26 21:30:41,508 [INFO] from application in application-akka.actor.default-dispatcher-10 - Asking children to end turn
2015-10-26 21:30:46,508 [INFO] from application in application-akka.actor.default-dispatcher-17 - Asking children to end turn
2015-10-26 21:30:51,508 [INFO] from application in application-akka.actor.default-dispatcher-19 - Asking children to end turn
2015-10-26 21:30:56,508 [INFO] from application in application-akka.actor.default-dispatcher-10 - Asking children to end turn
2015-10-26 21:31:01,508 [INFO] from application in application-akka.actor.default-dispatcher-16 - Asking children to end turn
2015-10-26 21:31:06,508 [INFO] from application in application-akka.actor.default-dispatcher-16 - Asking children to end turn
2015-10-26 21:31:11,508 [INFO] from application in application-akka.actor.default-dispatcher-23 - Asking children to end turn
2015-10-26 21:31:16,508 [INFO] from application in application-akka.actor.default-dispatcher-10 - Asking children to end turn
2015-10-26 21:31:21,508 [INFO] from application in application-akka.actor.default-dispatcher-16 - Asking children to end turn
2015-10-26 21:31:26,508 [INFO] from application in application-akka.actor.default-dispatcher-24 - Asking children to end turn
2015-10-26 21:31:31,509 [INFO] from application in application-akka.actor.default-dispatcher-10 - Asking children to end turn
2015-10-26 21:31:36,508 [INFO] from application in application-akka.actor.default-dispatcher-23 - Asking children to end turn
2015-10-26 21:31:41,508 [INFO] from application in application-akka.actor.default-dispatcher-23 - Asking children to end turn
2015-10-26 21:31:46,508 [INFO] from application in application-akka.actor.default-dispatcher-23 - Asking children to end turn
2015-10-26 21:31:51,508 [INFO] from application in application-akka.actor.default-dispatcher-19 - Asking children to end turn
2015-10-26 21:31:56,508 [INFO] from application in application-akka.actor.default-dispatcher-21 - Asking children to end turn
2015-10-26 21:32:01,508 [INFO] from application in application-akka.actor.default-dispatcher-21 - Asking children to end turn
2015-10-26 21:32:06,509 [INFO] from application in application-akka.actor.default-dispatcher-21 - Asking children to end turn
2015-10-26 21:32:11,508 [INFO] from application in application-akka.actor.default-dispatcher-21 - Asking children to end turn
2015-10-26 21:32:16,508 [INFO] from application in application-akka.actor.default-dispatcher-21 - Asking children to end turn
2015-10-26 21:32:21,508 [INFO] from application in application-akka.actor.default-dispatcher-19 - Asking children to end turn
2015-10-26 21:32:26,508 [INFO] from application in application-akka.actor.default-dispatcher-23 - Asking children to end turn
2015-10-26 21:32:31,508 [INFO] from application in application-akka.actor.default-dispatcher-10 - Asking children to end turn
2015-10-26 21:32:36,508 [INFO] from application in application-akka.actor.default-dispatcher-19 - Asking children to end turn
2015-10-26 21:32:41,508 [INFO] from application in application-akka.actor.default-dispatcher-24 - Asking children to end turn
2015-10-26 21:32:46,508 [INFO] from application in application-akka.actor.default-dispatcher-19 - Asking children to end turn
2015-10-26 21:32:51,508 [INFO] from application in application-akka.actor.default-dispatcher-10 - Asking children to end turn
2015-10-26 21:32:56,508 [INFO] from application in application-akka.actor.default-dispatcher-23 - Asking children to end turn
2015-10-26 21:33:01,509 [INFO] from application in application-akka.actor.default-dispatcher-17 - Asking children to end turn
2015-10-26 21:33:06,509 [INFO] from application in application-akka.actor.default-dispatcher-10 - Asking children to end turn
2015-10-26 21:33:11,508 [INFO] from application in application-akka.actor.default-dispatcher-23 - Asking children to end turn
2015-10-26 21:33:16,508 [INFO] from application in application-akka.actor.default-dispatcher-19 - Asking children to end turn
2015-10-26 21:33:21,509 [INFO] from application in application-akka.actor.default-dispatcher-10 - Asking children to end turn
2015-10-26 21:33:26,508 [INFO] from application in application-akka.actor.default-dispatcher-19 - Asking children to end turn
2015-10-26 21:33:31,508 [INFO] from application in application-akka.actor.default-dispatcher-24 - Asking children to end turn
2015-10-26 21:33:36,508 [INFO] from application in application-akka.actor.default-dispatcher-23 - Asking children to end turn
2015-10-26 21:33:41,508 [INFO] from application in application-akka.actor.default-dispatcher-19 - Asking children to end turn
2015-10-26 21:33:46,508 [INFO] from application in application-akka.actor.default-dispatcher-23 - Asking children to end turn
2015-10-26 21:33:51,508 [INFO] from application in application-akka.actor.default-dispatcher-23 - Asking children to end turn
2015-10-26 21:33:56,508 [INFO] from application in application-akka.actor.default-dispatcher-24 - Asking children to end turn
2015-10-26 21:34:01,508 [INFO] from application in application-akka.actor.default-dispatcher-10 - Asking children to end turn
2015-10-26 21:34:06,508 [INFO] from application in application-akka.actor.default-dispatcher-19 - Asking children to end turn
2015-10-26 21:34:11,508 [INFO] from application in application-akka.actor.default-dispatcher-23 - Asking children to end turn
2015-10-26 21:34:16,509 [INFO] from application in application-akka.actor.default-dispatcher-17 - Asking children to end turn
2015-10-26 21:34:21,508 [INFO] from application in application-akka.actor.default-dispatcher-24 - Asking children to end turn
2015-10-26 21:34:26,509 [INFO] from application in application-akka.actor.default-dispatcher-24 - Asking children to end turn
2015-10-26 21:34:31,509 [INFO] from application in application-akka.actor.default-dispatcher-10 - Asking children to end turn
2015-10-26 21:34:36,509 [INFO] from application in application-akka.actor.default-dispatcher-10 - Asking children to end turn
2015-10-26 21:34:41,509 [INFO] from application in application-akka.actor.default-dispatcher-10 - Asking children to end turn
2015-10-26 21:34:46,508 [INFO] from application in application-akka.actor.default-dispatcher-24 - Asking children to end turn
2015-10-26 21:34:51,508 [INFO] from application in application-akka.actor.default-dispatcher-23 - Asking children to end turn
2015-10-26 21:34:56,509 [INFO] from application in application-akka.actor.default-dispatcher-17 - Asking children to end turn
2015-10-26 21:35:01,508 [INFO] from application in application-akka.actor.default-dispatcher-17 - Asking children to end turn
2015-10-26 21:35:06,498 [INFO] from application in application-akka.actor.default-dispatcher-10 - Asking children to end turn
2015-10-26 21:35:11,508 [INFO] from application in application-akka.actor.default-dispatcher-23 - Asking children to end turn
2015-10-26 21:35:16,508 [INFO] from application in application-akka.actor.default-dispatcher-24 - Asking children to end turn
2015-10-26 21:35:21,508 [INFO] from application in application-akka.actor.default-dispatcher-21 - Asking children to end turn
2015-10-26 21:35:26,498 [INFO] from application in application-akka.actor.default-dispatcher-17 - Asking children to end turn
2015-10-26 21:35:31,508 [INFO] from application in application-akka.actor.default-dispatcher-24 - Asking children to end turn
2015-10-26 21:35:36,508 [INFO] from application in application-akka.actor.default-dispatcher-19 - Asking children to end turn
2015-10-26 21:35:37,051 [ERROR] from application in New I/O worker #2 - 

! @6o0dh4cho - Internal server error, for (GET) [/docs/index.html] ->
 
play.sbt.PlayExceptions$CompilationException: Compilation error[No Json serializer found for type Any. Try to implement an implicit Writes or Format for this type.]
	at play.sbt.PlayExceptions$CompilationException$.apply(PlayExceptions.scala:27) ~[na:na]
	at play.sbt.PlayExceptions$CompilationException$.apply(PlayExceptions.scala:27) ~[na:na]
	at scala.Option.map(Option.scala:145) ~[scala-library-2.11.7.jar:na]
	at play.sbt.run.PlayReload$$anonfun$taskFailureHandler$1.apply(PlayReload.scala:49) ~[na:na]
	at play.sbt.run.PlayReload$$anonfun$taskFailureHandler$1.apply(PlayReload.scala:44) ~[na:na]
	at scala.Option.map(Option.scala:145) ~[scala-library-2.11.7.jar:na]
	at play.sbt.run.PlayReload$.taskFailureHandler(PlayReload.scala:44) ~[na:na]
	at play.sbt.run.PlayReload$.compileFailure(PlayReload.scala:40) ~[na:na]
	at play.sbt.run.PlayReload$$anonfun$compile$1.apply(PlayReload.scala:17) ~[na:na]
	at play.sbt.run.PlayReload$$anonfun$compile$1.apply(PlayReload.scala:17) ~[na:na]
	at scala.util.Either$LeftProjection.map(Either.scala:377) ~[scala-library-2.11.7.jar:na]
	at play.sbt.run.PlayReload$.compile(PlayReload.scala:17) ~[na:na]
	at play.sbt.run.PlayRun$$anonfun$playRunTask$1$$anonfun$apply$2$$anonfun$apply$3$$anonfun$2.apply(PlayRun.scala:60) ~[na:na]
	at play.sbt.run.PlayRun$$anonfun$playRunTask$1$$anonfun$apply$2$$anonfun$apply$3$$anonfun$2.apply(PlayRun.scala:60) ~[na:na]
	at play.runsupport.Reloader.reload(Reloader.scala:305) ~[na:na]
	at play.core.server.DevServerStart$$anonfun$mainDev$1$$anon$1$$anonfun$get$1.apply(DevServerStart.scala:113) ~[play-server_2.11-2.4.1.jar:2.4.1]
	at play.core.server.DevServerStart$$anonfun$mainDev$1$$anon$1$$anonfun$get$1.apply(DevServerStart.scala:111) ~[play-server_2.11-2.4.1.jar:2.4.1]
	at scala.concurrent.impl.Future$PromiseCompletingRunnable.liftedTree1$1(Future.scala:24) ~[scala-library-2.11.7.jar:na]
	at scala.concurrent.impl.Future$PromiseCompletingRunnable.run(Future.scala:24) ~[scala-library-2.11.7.jar:na]
	at akka.dispatch.TaskInvocation.run(AbstractDispatcher.scala:40) ~[akka-actor_2.11.jar:na]
	at akka.dispatch.ForkJoinExecutorConfigurator$AkkaForkJoinTask.exec(AbstractDispatcher.scala:397) ~[akka-actor_2.11.jar:na]
	at scala.concurrent.forkjoin.ForkJoinTask.doExec(ForkJoinTask.java:260) ~[scala-library-2.11.7.jar:na]
	at scala.concurrent.forkjoin.ForkJoinPool$WorkQueue.runTask(ForkJoinPool.java:1339) ~[scala-library-2.11.7.jar:na]
	at scala.concurrent.forkjoin.ForkJoinPool.runWorker(ForkJoinPool.java:1979) ~[scala-library-2.11.7.jar:na]
	at scala.concurrent.forkjoin.ForkJoinWorkerThread.run(ForkJoinWorkerThread.java:107) ~[scala-library-2.11.7.jar:na]
2015-10-26 21:35:41,508 [INFO] from application in application-akka.actor.default-dispatcher-26 - Asking children to end turn
2015-10-26 21:35:46,509 [INFO] from application in application-akka.actor.default-dispatcher-24 - Asking children to end turn
2015-10-26 21:35:51,509 [INFO] from application in application-akka.actor.default-dispatcher-23 - Asking children to end turn
2015-10-26 21:35:56,508 [INFO] from application in application-akka.actor.default-dispatcher-23 - Asking children to end turn
2015-10-26 21:35:58,109 [ERROR] from application in New I/O worker #2 - 

! @6o0dh5hm4 - Internal server error, for (GET) [/docs/index.html] ->
 
play.sbt.PlayExceptions$CompilationException: Compilation error[No Json serializer found for type org.home.dto.PlayerDTO. Try to implement an implicit Writes or Format for this type.]
	at play.sbt.PlayExceptions$CompilationException$.apply(PlayExceptions.scala:27) ~[na:na]
	at play.sbt.PlayExceptions$CompilationException$.apply(PlayExceptions.scala:27) ~[na:na]
	at scala.Option.map(Option.scala:145) ~[scala-library-2.11.7.jar:na]
	at play.sbt.run.PlayReload$$anonfun$taskFailureHandler$1.apply(PlayReload.scala:49) ~[na:na]
	at play.sbt.run.PlayReload$$anonfun$taskFailureHandler$1.apply(PlayReload.scala:44) ~[na:na]
	at scala.Option.map(Option.scala:145) ~[scala-library-2.11.7.jar:na]
	at play.sbt.run.PlayReload$.taskFailureHandler(PlayReload.scala:44) ~[na:na]
	at play.sbt.run.PlayReload$.compileFailure(PlayReload.scala:40) ~[na:na]
	at play.sbt.run.PlayReload$$anonfun$compile$1.apply(PlayReload.scala:17) ~[na:na]
	at play.sbt.run.PlayReload$$anonfun$compile$1.apply(PlayReload.scala:17) ~[na:na]
	at scala.util.Either$LeftProjection.map(Either.scala:377) ~[scala-library-2.11.7.jar:na]
	at play.sbt.run.PlayReload$.compile(PlayReload.scala:17) ~[na:na]
	at play.sbt.run.PlayRun$$anonfun$playRunTask$1$$anonfun$apply$2$$anonfun$apply$3$$anonfun$2.apply(PlayRun.scala:60) ~[na:na]
	at play.sbt.run.PlayRun$$anonfun$playRunTask$1$$anonfun$apply$2$$anonfun$apply$3$$anonfun$2.apply(PlayRun.scala:60) ~[na:na]
	at play.runsupport.Reloader.reload(Reloader.scala:305) ~[na:na]
	at play.core.server.DevServerStart$$anonfun$mainDev$1$$anon$1$$anonfun$get$1.apply(DevServerStart.scala:113) ~[play-server_2.11-2.4.1.jar:2.4.1]
	at play.core.server.DevServerStart$$anonfun$mainDev$1$$anon$1$$anonfun$get$1.apply(DevServerStart.scala:111) ~[play-server_2.11-2.4.1.jar:2.4.1]
	at scala.concurrent.impl.Future$PromiseCompletingRunnable.liftedTree1$1(Future.scala:24) ~[scala-library-2.11.7.jar:na]
	at scala.concurrent.impl.Future$PromiseCompletingRunnable.run(Future.scala:24) ~[scala-library-2.11.7.jar:na]
	at akka.dispatch.TaskInvocation.run(AbstractDispatcher.scala:40) ~[akka-actor_2.11.jar:na]
	at akka.dispatch.ForkJoinExecutorConfigurator$AkkaForkJoinTask.exec(AbstractDispatcher.scala:397) ~[akka-actor_2.11.jar:na]
	at scala.concurrent.forkjoin.ForkJoinTask.doExec(ForkJoinTask.java:260) ~[scala-library-2.11.7.jar:na]
	at scala.concurrent.forkjoin.ForkJoinPool$WorkQueue.runTask(ForkJoinPool.java:1339) ~[scala-library-2.11.7.jar:na]
	at scala.concurrent.forkjoin.ForkJoinPool.runWorker(ForkJoinPool.java:1979) ~[scala-library-2.11.7.jar:na]
	at scala.concurrent.forkjoin.ForkJoinWorkerThread.run(ForkJoinWorkerThread.java:107) ~[scala-library-2.11.7.jar:na]
2015-10-26 21:36:01,508 [INFO] from application in application-akka.actor.default-dispatcher-26 - Asking children to end turn
2015-10-26 21:36:06,508 [INFO] from application in application-akka.actor.default-dispatcher-24 - Asking children to end turn
2015-10-26 21:36:11,508 [INFO] from application in application-akka.actor.default-dispatcher-23 - Asking children to end turn
2015-10-26 21:36:16,508 [INFO] from application in application-akka.actor.default-dispatcher-21 - Asking children to end turn
2015-10-26 21:36:21,509 [INFO] from application in application-akka.actor.default-dispatcher-24 - Asking children to end turn
2015-10-26 21:36:26,509 [INFO] from application in application-akka.actor.default-dispatcher-21 - Asking children to end turn
2015-10-26 21:36:31,508 [INFO] from application in application-akka.actor.default-dispatcher-10 - Asking children to end turn
2015-10-26 21:36:36,508 [INFO] from application in application-akka.actor.default-dispatcher-24 - Asking children to end turn
2015-10-26 21:36:41,508 [INFO] from application in application-akka.actor.default-dispatcher-24 - Asking children to end turn
2015-10-26 21:36:46,508 [INFO] from application in application-akka.actor.default-dispatcher-19 - Asking children to end turn
2015-10-26 21:36:51,508 [INFO] from application in application-akka.actor.default-dispatcher-21 - Asking children to end turn
2015-10-26 21:36:56,508 [INFO] from application in application-akka.actor.default-dispatcher-24 - Asking children to end turn
2015-10-26 21:37:01,508 [INFO] from application in application-akka.actor.default-dispatcher-10 - Asking children to end turn
2015-10-26 21:37:06,498 [INFO] from application in application-akka.actor.default-dispatcher-19 - Asking children to end turn
2015-10-26 21:37:11,508 [INFO] from application in application-akka.actor.default-dispatcher-24 - Asking children to end turn
2015-10-26 21:37:16,508 [INFO] from application in application-akka.actor.default-dispatcher-10 - Asking children to end turn
2015-10-26 21:37:21,508 [INFO] from application in application-akka.actor.default-dispatcher-10 - Asking children to end turn
2015-10-26 21:37:26,508 [INFO] from application in application-akka.actor.default-dispatcher-24 - Asking children to end turn
2015-10-26 21:37:31,508 [INFO] from application in application-akka.actor.default-dispatcher-24 - Asking children to end turn
2015-10-26 21:37:36,508 [INFO] from application in application-akka.actor.default-dispatcher-21 - Asking children to end turn
2015-10-26 21:37:41,508 [INFO] from application in application-akka.actor.default-dispatcher-10 - Asking children to end turn
2015-10-26 21:37:46,508 [INFO] from application in application-akka.actor.default-dispatcher-19 - Asking children to end turn
2015-10-26 21:37:51,509 [INFO] from application in application-akka.actor.default-dispatcher-19 - Asking children to end turn
2015-10-26 21:37:56,508 [INFO] from application in application-akka.actor.default-dispatcher-21 - Asking children to end turn
2015-10-26 21:38:01,509 [INFO] from application in application-akka.actor.default-dispatcher-21 - Asking children to end turn
2015-10-26 21:38:03,683 [ERROR] from application in New I/O worker #2 - 

! @6o0dhclfo - Internal server error, for (GET) [/docs/index.html] ->
 
play.sbt.PlayExceptions$CompilationException: Compilation error[value getUser is not a member of org.home.controllers.MainController]
	at play.sbt.PlayExceptions$CompilationException$.apply(PlayExceptions.scala:27) ~[na:na]
	at play.sbt.PlayExceptions$CompilationException$.apply(PlayExceptions.scala:27) ~[na:na]
	at scala.Option.map(Option.scala:145) ~[scala-library-2.11.7.jar:na]
	at play.sbt.run.PlayReload$$anonfun$taskFailureHandler$1.apply(PlayReload.scala:49) ~[na:na]
	at play.sbt.run.PlayReload$$anonfun$taskFailureHandler$1.apply(PlayReload.scala:44) ~[na:na]
	at scala.Option.map(Option.scala:145) ~[scala-library-2.11.7.jar:na]
	at play.sbt.run.PlayReload$.taskFailureHandler(PlayReload.scala:44) ~[na:na]
	at play.sbt.run.PlayReload$.compileFailure(PlayReload.scala:40) ~[na:na]
	at play.sbt.run.PlayReload$$anonfun$compile$1.apply(PlayReload.scala:17) ~[na:na]
	at play.sbt.run.PlayReload$$anonfun$compile$1.apply(PlayReload.scala:17) ~[na:na]
	at scala.util.Either$LeftProjection.map(Either.scala:377) ~[scala-library-2.11.7.jar:na]
	at play.sbt.run.PlayReload$.compile(PlayReload.scala:17) ~[na:na]
	at play.sbt.run.PlayRun$$anonfun$playRunTask$1$$anonfun$apply$2$$anonfun$apply$3$$anonfun$2.apply(PlayRun.scala:60) ~[na:na]
	at play.sbt.run.PlayRun$$anonfun$playRunTask$1$$anonfun$apply$2$$anonfun$apply$3$$anonfun$2.apply(PlayRun.scala:60) ~[na:na]
	at play.runsupport.Reloader.reload(Reloader.scala:305) ~[na:na]
	at play.core.server.DevServerStart$$anonfun$mainDev$1$$anon$1$$anonfun$get$1.apply(DevServerStart.scala:113) ~[play-server_2.11-2.4.1.jar:2.4.1]
	at play.core.server.DevServerStart$$anonfun$mainDev$1$$anon$1$$anonfun$get$1.apply(DevServerStart.scala:111) ~[play-server_2.11-2.4.1.jar:2.4.1]
	at scala.concurrent.impl.Future$PromiseCompletingRunnable.liftedTree1$1(Future.scala:24) ~[scala-library-2.11.7.jar:na]
	at scala.concurrent.impl.Future$PromiseCompletingRunnable.run(Future.scala:24) ~[scala-library-2.11.7.jar:na]
	at akka.dispatch.TaskInvocation.run(AbstractDispatcher.scala:40) ~[akka-actor_2.11.jar:na]
	at akka.dispatch.ForkJoinExecutorConfigurator$AkkaForkJoinTask.exec(AbstractDispatcher.scala:397) ~[akka-actor_2.11.jar:na]
	at scala.concurrent.forkjoin.ForkJoinTask.doExec(ForkJoinTask.java:260) ~[scala-library-2.11.7.jar:na]
	at scala.concurrent.forkjoin.ForkJoinPool$WorkQueue.runTask(ForkJoinPool.java:1339) ~[scala-library-2.11.7.jar:na]
	at scala.concurrent.forkjoin.ForkJoinPool.runWorker(ForkJoinPool.java:1979) ~[scala-library-2.11.7.jar:na]
	at scala.concurrent.forkjoin.ForkJoinWorkerThread.run(ForkJoinWorkerThread.java:107) ~[scala-library-2.11.7.jar:na]
2015-10-26 21:38:06,508 [INFO] from application in application-akka.actor.default-dispatcher-19 - Asking children to end turn
2015-10-26 21:38:11,508 [INFO] from application in application-akka.actor.default-dispatcher-26 - Asking children to end turn
2015-10-26 21:38:16,509 [INFO] from application in application-akka.actor.default-dispatcher-19 - Asking children to end turn
2015-10-26 21:38:21,508 [INFO] from application in application-akka.actor.default-dispatcher-21 - Asking children to end turn
2015-10-26 21:38:26,508 [INFO] from application in application-akka.actor.default-dispatcher-23 - Asking children to end turn
2015-10-26 21:38:31,508 [INFO] from application in application-akka.actor.default-dispatcher-28 - Asking children to end turn
2015-10-26 21:38:32,266 [INFO] from play.api.libs.concurrent.ActorSystemProvider in ForkJoinPool-4-worker-9 - Shutdown application default Akka system: application
2015-10-26 21:38:32,368 [INFO] from play.api.libs.concurrent.ActorSystemProvider in application-akka.actor.default-dispatcher-26 - Starting application default Akka system: application
2015-10-26 21:38:32,370 [WARN] from swagger in application-akka.actor.default-dispatcher-26 - ControllerScanner - looking for controllers with API annotation
2015-10-26 21:38:32,421 [INFO] from play.api.Play in application-akka.actor.default-dispatcher-26 - Application started (Dev)
2015-10-26 21:38:39,112 [INFO] from application in application-akka.actor.default-dispatcher-4 - Saving universe
2015-10-26 21:38:39,162 [INFO] from application in ForkJoinPool-4-worker-9 - Player created at akka://application/user/environment/admin-id
2015-10-26 21:38:39,181 [INFO] from application in ForkJoinPool-4-worker-13 - {"value":"Done"}
2015-10-26 21:38:40,127 [INFO] from application in application-akka.actor.default-dispatcher-4 - Asking children to end turn
2015-10-26 21:38:45,123 [INFO] from application in application-akka.actor.default-dispatcher-8 - Asking children to end turn
2015-10-26 21:38:50,123 [INFO] from application in application-akka.actor.default-dispatcher-8 - Asking children to end turn
2015-10-26 21:38:55,123 [INFO] from application in application-akka.actor.default-dispatcher-8 - Asking children to end turn
2015-10-26 21:39:00,123 [INFO] from application in application-akka.actor.default-dispatcher-4 - Asking children to end turn
2015-10-26 21:39:02,241 [INFO] from application in ForkJoinPool-4-worker-9 - {"id":"admin-id","name":"Administrator"}
2015-10-26 21:39:05,123 [INFO] from application in application-akka.actor.default-dispatcher-9 - Asking children to end turn
2015-10-26 21:39:10,123 [INFO] from application in application-akka.actor.default-dispatcher-9 - Asking children to end turn
2015-10-26 21:39:15,123 [INFO] from application in application-akka.actor.default-dispatcher-9 - Asking children to end turn
2015-10-26 21:39:20,124 [INFO] from application in application-akka.actor.default-dispatcher-9 - Asking children to end turn
2015-10-26 21:39:25,124 [INFO] from application in application-akka.actor.default-dispatcher-9 - Asking children to end turn
2015-10-26 21:39:30,123 [INFO] from application in application-akka.actor.default-dispatcher-4 - Asking children to end turn
2015-10-26 21:39:34,094 [ERROR] from application in ForkJoinPool-4-worker-13 - 
java.lang.Exception: User not found.
	at org.home.controllers.MainController$$anonfun$getPlayer$1$$anonfun$apply$7$$anonfun$apply$8.apply(MainController.scala:87) ~[classes/:na]
	at org.home.controllers.MainController$$anonfun$getPlayer$1$$anonfun$apply$7$$anonfun$apply$8.apply(MainController.scala:82) ~[classes/:na]
	at scala.util.Success$$anonfun$map$1.apply(Try.scala:237) ~[scala-library-2.11.7.jar:na]
	at scala.util.Try$.apply(Try.scala:192) ~[scala-library-2.11.7.jar:na]
	at scala.util.Success.map(Try.scala:237) ~[scala-library-2.11.7.jar:na]
	at scala.concurrent.Future$$anonfun$map$1.apply(Future.scala:235) ~[scala-library-2.11.7.jar:na]
	at scala.concurrent.Future$$anonfun$map$1.apply(Future.scala:235) ~[scala-library-2.11.7.jar:na]
	at scala.concurrent.impl.CallbackRunnable.run(Promise.scala:32) ~[scala-library-2.11.7.jar:na]
	at scala.concurrent.impl.ExecutionContextImpl$AdaptedForkJoinTask.exec(ExecutionContextImpl.scala:121) ~[scala-library-2.11.7.jar:na]
	at scala.concurrent.forkjoin.ForkJoinTask.doExec(ForkJoinTask.java:260) ~[scala-library-2.11.7.jar:na]
	at scala.concurrent.forkjoin.ForkJoinPool$WorkQueue.runTask(ForkJoinPool.java:1339) ~[scala-library-2.11.7.jar:na]
	at scala.concurrent.forkjoin.ForkJoinPool.runWorker(ForkJoinPool.java:1979) [scala-library-2.11.7.jar:na]
	at scala.concurrent.forkjoin.ForkJoinWorkerThread.run(ForkJoinWorkerThread.java:107) [scala-library-2.11.7.jar:na]
2015-10-26 21:39:35,124 [INFO] from application in application-akka.actor.default-dispatcher-8 - Asking children to end turn
2015-10-26 21:39:35,446 [ERROR] from application in ForkJoinPool-4-worker-9 - 
java.lang.Exception: User not found.
	at org.home.controllers.MainController$$anonfun$getPlayer$1$$anonfun$apply$7$$anonfun$apply$8.apply(MainController.scala:87) ~[na:na]
	at org.home.controllers.MainController$$anonfun$getPlayer$1$$anonfun$apply$7$$anonfun$apply$8.apply(MainController.scala:82) ~[na:na]
	at scala.util.Success$$anonfun$map$1.apply(Try.scala:237) ~[scala-library-2.11.7.jar:na]
	at scala.util.Try$.apply(Try.scala:192) ~[scala-library-2.11.7.jar:na]
	at scala.util.Success.map(Try.scala:237) ~[scala-library-2.11.7.jar:na]
	at scala.concurrent.Future$$anonfun$map$1.apply(Future.scala:235) ~[scala-library-2.11.7.jar:na]
	at scala.concurrent.Future$$anonfun$map$1.apply(Future.scala:235) ~[scala-library-2.11.7.jar:na]
	at scala.concurrent.impl.CallbackRunnable.run(Promise.scala:32) [scala-library-2.11.7.jar:na]
	at scala.concurrent.impl.ExecutionContextImpl$AdaptedForkJoinTask.exec(ExecutionContextImpl.scala:121) [scala-library-2.11.7.jar:na]
	at scala.concurrent.forkjoin.ForkJoinTask.doExec(ForkJoinTask.java:260) [scala-library-2.11.7.jar:na]
	at scala.concurrent.forkjoin.ForkJoinPool$WorkQueue.runTask(ForkJoinPool.java:1339) [scala-library-2.11.7.jar:na]
	at scala.concurrent.forkjoin.ForkJoinPool.runWorker(ForkJoinPool.java:1979) [scala-library-2.11.7.jar:na]
	at scala.concurrent.forkjoin.ForkJoinWorkerThread.run(ForkJoinWorkerThread.java:107) [scala-library-2.11.7.jar:na]
2015-10-26 21:39:40,123 [INFO] from application in application-akka.actor.default-dispatcher-8 - Asking children to end turn
2015-10-26 21:39:45,124 [INFO] from application in application-akka.actor.default-dispatcher-8 - Asking children to end turn
2015-10-26 21:39:50,123 [INFO] from application in application-akka.actor.default-dispatcher-9 - Asking children to end turn
2015-10-26 21:39:55,124 [INFO] from application in application-akka.actor.default-dispatcher-9 - Asking children to end turn
2015-10-26 21:40:00,124 [INFO] from application in application-akka.actor.default-dispatcher-8 - Asking children to end turn
2015-10-26 21:40:05,124 [INFO] from application in application-akka.actor.default-dispatcher-8 - Asking children to end turn
2015-10-26 21:40:10,123 [INFO] from application in application-akka.actor.default-dispatcher-8 - Asking children to end turn
2015-10-26 21:40:15,123 [INFO] from application in application-akka.actor.default-dispatcher-9 - Asking children to end turn
2015-10-26 21:40:20,123 [INFO] from application in application-akka.actor.default-dispatcher-8 - Asking children to end turn
2015-10-26 21:40:25,123 [INFO] from application in application-akka.actor.default-dispatcher-8 - Asking children to end turn
2015-10-26 21:40:30,123 [INFO] from application in application-akka.actor.default-dispatcher-8 - Asking children to end turn
2015-10-26 21:40:35,123 [INFO] from application in application-akka.actor.default-dispatcher-8 - Asking children to end turn
2015-10-26 21:40:35,436 [INFO] from application in ForkJoinPool-4-worker-9 - Player registered at akka://application/user/environment/spxnquq1rang
2015-10-26 21:40:35,442 [INFO] from application in ForkJoinPool-4-worker-13 - Player found at akka://application/user/environment/spxnquq1rang
2015-10-26 21:40:35,443 [INFO] from application in ForkJoinPool-4-worker-7 - {"owner":{"id":"spxnquq1rang","login":"a","name":"a","password":"a"},"qu":[],"startSector":"fccrfuzlqtrb","items":[{"id":"im2pcsx0z7bm","name":"Wiunides","itemType":0,"props":{},"location":{"sectorId":"fccrfuzlqtrb","sectorPosition":{"x":0,"y":0,"z":0}}},{"id":"ayhakskw8fi9","name":"CREDITS","itemType":2,"props":{"value":"100"}}]}
2015-10-26 21:40:40,123 [INFO] from application in application-akka.actor.default-dispatcher-9 - Asking children to end turn
2015-10-26 21:40:45,123 [INFO] from application in application-akka.actor.default-dispatcher-7 - Asking children to end turn
2015-10-26 21:40:50,124 [INFO] from application in application-akka.actor.default-dispatcher-7 - Asking children to end turn
2015-10-26 21:40:55,123 [INFO] from application in application-akka.actor.default-dispatcher-9 - Asking children to end turn
2015-10-26 21:41:00,124 [INFO] from application in application-akka.actor.default-dispatcher-9 - Asking children to end turn
2015-10-26 21:41:03,255 [ERROR] from application in ForkJoinPool-4-worker-7 - 
java.lang.Exception: User not found.
	at org.home.controllers.MainController$$anonfun$getPlayer$1$$anonfun$apply$7$$anonfun$apply$8.apply(MainController.scala:87) ~[na:na]
	at org.home.controllers.MainController$$anonfun$getPlayer$1$$anonfun$apply$7$$anonfun$apply$8.apply(MainController.scala:82) ~[na:na]
	at scala.util.Success$$anonfun$map$1.apply(Try.scala:237) ~[scala-library-2.11.7.jar:na]
	at scala.util.Try$.apply(Try.scala:192) ~[scala-library-2.11.7.jar:na]
	at scala.util.Success.map(Try.scala:237) ~[scala-library-2.11.7.jar:na]
	at scala.concurrent.Future$$anonfun$map$1.apply(Future.scala:235) ~[scala-library-2.11.7.jar:na]
	at scala.concurrent.Future$$anonfun$map$1.apply(Future.scala:235) ~[scala-library-2.11.7.jar:na]
	at scala.concurrent.impl.CallbackRunnable.run(Promise.scala:32) [scala-library-2.11.7.jar:na]
	at scala.concurrent.impl.ExecutionContextImpl$AdaptedForkJoinTask.exec(ExecutionContextImpl.scala:121) [scala-library-2.11.7.jar:na]
	at scala.concurrent.forkjoin.ForkJoinTask.doExec(ForkJoinTask.java:260) [scala-library-2.11.7.jar:na]
	at scala.concurrent.forkjoin.ForkJoinPool$WorkQueue.runTask(ForkJoinPool.java:1339) [scala-library-2.11.7.jar:na]
	at scala.concurrent.forkjoin.ForkJoinPool.runWorker(ForkJoinPool.java:1979) [scala-library-2.11.7.jar:na]
	at scala.concurrent.forkjoin.ForkJoinWorkerThread.run(ForkJoinWorkerThread.java:107) [scala-library-2.11.7.jar:na]
2015-10-26 21:41:04,199 [ERROR] from application in ForkJoinPool-4-worker-13 - 
java.lang.Exception: User not found.
	at org.home.controllers.MainController$$anonfun$getPlayer$1$$anonfun$apply$7$$anonfun$apply$8.apply(MainController.scala:87) ~[classes/:na]
	at org.home.controllers.MainController$$anonfun$getPlayer$1$$anonfun$apply$7$$anonfun$apply$8.apply(MainController.scala:82) ~[classes/:na]
	at scala.util.Success$$anonfun$map$1.apply(Try.scala:237) ~[scala-library-2.11.7.jar:na]
	at scala.util.Try$.apply(Try.scala:192) ~[scala-library-2.11.7.jar:na]
	at scala.util.Success.map(Try.scala:237) ~[scala-library-2.11.7.jar:na]
	at scala.concurrent.Future$$anonfun$map$1.apply(Future.scala:235) ~[scala-library-2.11.7.jar:na]
	at scala.concurrent.Future$$anonfun$map$1.apply(Future.scala:235) ~[scala-library-2.11.7.jar:na]
	at scala.concurrent.impl.CallbackRunnable.run(Promise.scala:32) ~[scala-library-2.11.7.jar:na]
	at scala.concurrent.impl.ExecutionContextImpl$AdaptedForkJoinTask.exec(ExecutionContextImpl.scala:121) ~[scala-library-2.11.7.jar:na]
	at scala.concurrent.forkjoin.ForkJoinTask.doExec(ForkJoinTask.java:260) ~[scala-library-2.11.7.jar:na]
	at scala.concurrent.forkjoin.ForkJoinPool$WorkQueue.runTask(ForkJoinPool.java:1339) ~[scala-library-2.11.7.jar:na]
	at scala.concurrent.forkjoin.ForkJoinPool.runWorker(ForkJoinPool.java:1979) [scala-library-2.11.7.jar:na]
	at scala.concurrent.forkjoin.ForkJoinWorkerThread.run(ForkJoinWorkerThread.java:107) [scala-library-2.11.7.jar:na]
2015-10-26 21:41:05,123 [INFO] from application in application-akka.actor.default-dispatcher-9 - Asking children to end turn
2015-10-26 21:41:10,123 [INFO] from application in application-akka.actor.default-dispatcher-7 - Asking children to end turn
2015-10-26 21:41:15,123 [INFO] from application in application-akka.actor.default-dispatcher-4 - Asking children to end turn
2015-10-26 21:41:20,123 [INFO] from application in application-akka.actor.default-dispatcher-9 - Asking children to end turn
2015-10-26 21:41:25,123 [INFO] from application in application-akka.actor.default-dispatcher-8 - Asking children to end turn
2015-10-26 21:41:30,123 [INFO] from application in application-akka.actor.default-dispatcher-4 - Asking children to end turn
2015-10-26 21:41:30,318 [INFO] from application in ForkJoinPool-4-worker-7 - {"id":"spxnquq1rang","name":"a"}
2015-10-26 21:41:35,124 [INFO] from application in application-akka.actor.default-dispatcher-7 - Asking children to end turn
2015-10-26 21:41:40,123 [INFO] from application in application-akka.actor.default-dispatcher-7 - Asking children to end turn
2015-10-26 21:41:45,123 [INFO] from application in application-akka.actor.default-dispatcher-4 - Asking children to end turn
2015-10-26 21:41:50,123 [INFO] from application in application-akka.actor.default-dispatcher-5 - Asking children to end turn
2015-10-26 21:41:55,123 [INFO] from application in application-akka.actor.default-dispatcher-9 - Asking children to end turn
2015-10-26 21:42:00,123 [INFO] from application in application-akka.actor.default-dispatcher-5 - Asking children to end turn
2015-10-26 21:42:05,123 [INFO] from application in application-akka.actor.default-dispatcher-5 - Asking children to end turn
2015-10-26 21:42:10,123 [INFO] from application in application-akka.actor.default-dispatcher-9 - Asking children to end turn
2015-10-26 21:42:15,123 [INFO] from application in application-akka.actor.default-dispatcher-7 - Asking children to end turn
2015-10-26 21:42:20,123 [INFO] from application in application-akka.actor.default-dispatcher-9 - Asking children to end turn
2015-10-26 21:42:25,124 [INFO] from application in application-akka.actor.default-dispatcher-7 - Asking children to end turn
2015-10-26 21:42:30,124 [INFO] from application in application-akka.actor.default-dispatcher-5 - Asking children to end turn
2015-10-26 21:42:35,123 [INFO] from application in application-akka.actor.default-dispatcher-5 - Asking children to end turn
2015-10-26 21:42:40,123 [INFO] from application in application-akka.actor.default-dispatcher-5 - Asking children to end turn
2015-10-26 21:42:45,123 [INFO] from application in application-akka.actor.default-dispatcher-5 - Asking children to end turn
2015-10-26 21:42:50,123 [INFO] from application in application-akka.actor.default-dispatcher-7 - Asking children to end turn
2015-10-26 21:42:55,123 [INFO] from application in application-akka.actor.default-dispatcher-7 - Asking children to end turn
2015-10-26 21:43:00,123 [INFO] from application in application-akka.actor.default-dispatcher-5 - Asking children to end turn
2015-10-26 21:43:05,123 [INFO] from application in application-akka.actor.default-dispatcher-9 - Asking children to end turn
2015-10-26 21:43:10,123 [INFO] from application in application-akka.actor.default-dispatcher-9 - Asking children to end turn
2015-10-26 21:43:15,120 [INFO] from play.api.libs.concurrent.ActorSystemProvider in ForkJoinPool-4-worker-7 - Shutdown application default Akka system: application
2015-10-26 21:43:15,191 [INFO] from play.api.libs.concurrent.ActorSystemProvider in application-akka.actor.default-dispatcher-7 - Starting application default Akka system: application
2015-10-26 21:43:15,193 [WARN] from swagger in application-akka.actor.default-dispatcher-7 - ControllerScanner - looking for controllers with API annotation
2015-10-26 21:43:15,221 [INFO] from play.api.Play in application-akka.actor.default-dispatcher-7 - Application started (Dev)
2015-10-26 21:43:30,516 [INFO] from application in application-akka.actor.default-dispatcher-2 - Saving universe
2015-10-26 21:43:30,556 [INFO] from application in ForkJoinPool-4-worker-15 - Player created at akka://application/user/environment/admin-id
2015-10-26 21:43:30,556 [INFO] from application in ForkJoinPool-4-worker-15 - Player created at akka://application/user/environment/spxnquq1rang
2015-10-26 21:43:30,571 [INFO] from application in ForkJoinPool-4-worker-5 - {"value":"Done"}
2015-10-26 21:43:31,533 [INFO] from application in application-akka.actor.default-dispatcher-2 - Asking children to end turn
2015-10-26 21:43:36,529 [INFO] from application in application-akka.actor.default-dispatcher-2 - Asking children to end turn
2015-10-26 21:43:41,529 [INFO] from application in application-akka.actor.default-dispatcher-5 - Asking children to end turn
2015-10-26 21:43:46,529 [INFO] from application in application-akka.actor.default-dispatcher-5 - Asking children to end turn
2015-10-26 21:43:51,529 [INFO] from application in application-akka.actor.default-dispatcher-4 - Asking children to end turn
2015-10-26 21:43:56,529 [INFO] from application in application-akka.actor.default-dispatcher-4 - Asking children to end turn
2015-10-26 21:44:01,519 [INFO] from application in application-akka.actor.default-dispatcher-2 - Asking children to end turn
2015-10-26 21:44:06,530 [INFO] from application in application-akka.actor.default-dispatcher-2 - Asking children to end turn
2015-10-26 21:44:11,529 [INFO] from application in application-akka.actor.default-dispatcher-4 - Asking children to end turn
2015-10-26 21:44:16,529 [INFO] from application in application-akka.actor.default-dispatcher-5 - Asking children to end turn
2015-10-26 21:44:21,529 [INFO] from application in application-akka.actor.default-dispatcher-4 - Asking children to end turn
2015-10-26 21:44:26,530 [INFO] from application in application-akka.actor.default-dispatcher-4 - Asking children to end turn
2015-10-26 21:44:31,529 [INFO] from application in application-akka.actor.default-dispatcher-6 - Asking children to end turn
2015-10-26 21:44:36,529 [INFO] from application in application-akka.actor.default-dispatcher-4 - Asking children to end turn
2015-10-26 21:44:41,529 [INFO] from application in application-akka.actor.default-dispatcher-4 - Asking children to end turn
2015-10-26 21:44:46,529 [INFO] from application in application-akka.actor.default-dispatcher-5 - Asking children to end turn
2015-10-26 21:44:51,530 [INFO] from application in application-akka.actor.default-dispatcher-4 - Asking children to end turn
2015-10-26 21:44:56,529 [INFO] from application in application-akka.actor.default-dispatcher-2 - Asking children to end turn
2015-10-26 21:45:01,529 [INFO] from application in application-akka.actor.default-dispatcher-2 - Asking children to end turn
2015-10-26 21:45:06,530 [INFO] from application in application-akka.actor.default-dispatcher-5 - Asking children to end turn
2015-10-26 21:45:11,530 [INFO] from application in application-akka.actor.default-dispatcher-5 - Asking children to end turn
2015-10-26 21:45:16,530 [INFO] from application in application-akka.actor.default-dispatcher-4 - Asking children to end turn
2015-10-26 21:45:21,530 [INFO] from application in application-akka.actor.default-dispatcher-5 - Asking children to end turn
2015-10-26 21:45:26,530 [INFO] from application in application-akka.actor.default-dispatcher-2 - Asking children to end turn
2015-10-26 21:45:31,529 [INFO] from application in application-akka.actor.default-dispatcher-5 - Asking children to end turn
2015-10-26 21:45:36,529 [INFO] from application in application-akka.actor.default-dispatcher-2 - Asking children to end turn
2015-10-26 21:45:41,529 [INFO] from application in application-akka.actor.default-dispatcher-5 - Asking children to end turn
2015-10-26 21:45:46,529 [INFO] from application in application-akka.actor.default-dispatcher-4 - Asking children to end turn
2015-10-26 21:45:51,529 [INFO] from application in application-akka.actor.default-dispatcher-2 - Asking children to end turn
2015-10-26 21:45:56,529 [INFO] from application in application-akka.actor.default-dispatcher-4 - Asking children to end turn
2015-10-26 21:46:01,530 [INFO] from application in application-akka.actor.default-dispatcher-5 - Asking children to end turn
2015-10-26 21:46:06,529 [INFO] from application in application-akka.actor.default-dispatcher-4 - Asking children to end turn
2015-10-26 21:46:11,529 [INFO] from application in application-akka.actor.default-dispatcher-4 - Asking children to end turn
2015-10-26 21:46:16,530 [INFO] from application in application-akka.actor.default-dispatcher-5 - Asking children to end turn
2015-10-26 21:46:21,529 [INFO] from application in application-akka.actor.default-dispatcher-7 - Asking children to end turn
2015-10-26 21:46:26,529 [INFO] from application in application-akka.actor.default-dispatcher-7 - Asking children to end turn
2015-10-26 21:46:31,529 [INFO] from application in application-akka.actor.default-dispatcher-2 - Asking children to end turn
2015-10-26 21:46:36,529 [INFO] from application in application-akka.actor.default-dispatcher-7 - Asking children to end turn
2015-10-26 21:46:41,529 [INFO] from application in application-akka.actor.default-dispatcher-7 - Asking children to end turn
2015-10-26 21:46:46,529 [INFO] from application in application-akka.actor.default-dispatcher-6 - Asking children to end turn
2015-10-26 21:46:51,529 [INFO] from application in application-akka.actor.default-dispatcher-4 - Asking children to end turn
2015-10-26 21:46:56,529 [INFO] from application in application-akka.actor.default-dispatcher-4 - Asking children to end turn
2015-10-26 21:47:01,529 [INFO] from application in application-akka.actor.default-dispatcher-7 - Asking children to end turn
2015-10-26 21:47:06,529 [INFO] from application in application-akka.actor.default-dispatcher-5 - Asking children to end turn
2015-10-26 21:47:11,530 [INFO] from application in application-akka.actor.default-dispatcher-2 - Asking children to end turn
2015-10-26 21:47:16,529 [INFO] from application in application-akka.actor.default-dispatcher-7 - Asking children to end turn
2015-10-26 21:47:21,529 [INFO] from application in application-akka.actor.default-dispatcher-4 - Asking children to end turn
2015-10-26 21:47:26,529 [INFO] from application in application-akka.actor.default-dispatcher-7 - Asking children to end turn
2015-10-26 21:47:31,529 [INFO] from application in application-akka.actor.default-dispatcher-7 - Asking children to end turn
2015-10-26 21:47:36,529 [INFO] from application in application-akka.actor.default-dispatcher-7 - Asking children to end turn
2015-10-26 21:47:41,529 [INFO] from application in application-akka.actor.default-dispatcher-5 - Asking children to end turn
2015-10-26 21:47:46,529 [INFO] from application in application-akka.actor.default-dispatcher-5 - Asking children to end turn
2015-10-26 21:47:51,529 [INFO] from application in application-akka.actor.default-dispatcher-7 - Asking children to end turn
2015-10-26 21:47:56,529 [INFO] from application in application-akka.actor.default-dispatcher-7 - Asking children to end turn
2015-10-26 21:48:01,529 [INFO] from application in application-akka.actor.default-dispatcher-5 - Asking children to end turn
2015-10-26 21:48:06,530 [INFO] from application in application-akka.actor.default-dispatcher-4 - Asking children to end turn
2015-10-26 21:48:11,529 [INFO] from application in application-akka.actor.default-dispatcher-2 - Asking children to end turn
2015-10-26 21:48:16,530 [INFO] from application in application-akka.actor.default-dispatcher-2 - Asking children to end turn
2015-10-26 21:48:21,529 [INFO] from application in application-akka.actor.default-dispatcher-2 - Asking children to end turn
2015-10-26 21:48:26,529 [INFO] from application in application-akka.actor.default-dispatcher-4 - Asking children to end turn
2015-10-26 21:48:31,529 [INFO] from application in application-akka.actor.default-dispatcher-5 - Asking children to end turn
2015-10-26 21:48:36,529 [INFO] from application in application-akka.actor.default-dispatcher-2 - Asking children to end turn
2015-10-26 21:48:41,529 [INFO] from application in application-akka.actor.default-dispatcher-7 - Asking children to end turn
2015-10-26 21:48:46,530 [INFO] from application in application-akka.actor.default-dispatcher-7 - Asking children to end turn
2015-10-26 21:48:51,530 [INFO] from application in application-akka.actor.default-dispatcher-4 - Asking children to end turn
2015-10-26 21:48:56,529 [INFO] from application in application-akka.actor.default-dispatcher-4 - Asking children to end turn
2015-10-26 21:49:01,529 [INFO] from application in application-akka.actor.default-dispatcher-2 - Asking children to end turn
2015-10-26 21:49:06,529 [INFO] from application in application-akka.actor.default-dispatcher-2 - Asking children to end turn
2015-10-26 21:49:11,529 [INFO] from application in application-akka.actor.default-dispatcher-7 - Asking children to end turn
2015-10-26 21:49:16,529 [INFO] from application in application-akka.actor.default-dispatcher-2 - Asking children to end turn
2015-10-26 21:49:21,529 [INFO] from application in application-akka.actor.default-dispatcher-5 - Asking children to end turn
2015-10-26 21:49:26,529 [INFO] from application in application-akka.actor.default-dispatcher-2 - Asking children to end turn
2015-10-26 21:49:31,529 [INFO] from application in application-akka.actor.default-dispatcher-2 - Asking children to end turn
2015-10-26 21:49:36,529 [INFO] from application in application-akka.actor.default-dispatcher-5 - Asking children to end turn
2015-10-26 21:49:41,529 [INFO] from application in application-akka.actor.default-dispatcher-4 - Asking children to end turn
2015-10-26 21:49:46,529 [INFO] from application in application-akka.actor.default-dispatcher-2 - Asking children to end turn
2015-10-26 21:49:51,530 [INFO] from application in application-akka.actor.default-dispatcher-5 - Asking children to end turn
2015-10-26 21:49:56,530 [INFO] from application in application-akka.actor.default-dispatcher-4 - Asking children to end turn
2015-10-26 21:50:01,529 [INFO] from application in application-akka.actor.default-dispatcher-4 - Asking children to end turn
2015-10-26 21:50:06,529 [INFO] from application in application-akka.actor.default-dispatcher-4 - Asking children to end turn
2015-10-26 21:50:11,529 [INFO] from application in application-akka.actor.default-dispatcher-4 - Asking children to end turn
2015-10-26 21:50:16,529 [INFO] from application in application-akka.actor.default-dispatcher-7 - Asking children to end turn
2015-10-26 21:50:21,529 [INFO] from application in application-akka.actor.default-dispatcher-2 - Asking children to end turn
2015-10-26 21:50:26,529 [INFO] from application in application-akka.actor.default-dispatcher-2 - Asking children to end turn
2015-10-26 21:50:31,529 [INFO] from application in application-akka.actor.default-dispatcher-2 - Asking children to end turn
2015-10-26 21:50:36,529 [INFO] from application in application-akka.actor.default-dispatcher-2 - Asking children to end turn
2015-10-26 21:50:41,529 [INFO] from application in application-akka.actor.default-dispatcher-4 - Asking children to end turn
2015-10-26 21:50:46,529 [INFO] from application in application-akka.actor.default-dispatcher-8 - Asking children to end turn
2015-10-26 21:50:51,529 [INFO] from application in application-akka.actor.default-dispatcher-7 - Asking children to end turn
2015-10-26 21:50:56,529 [INFO] from application in application-akka.actor.default-dispatcher-4 - Asking children to end turn
2015-10-26 21:51:01,530 [INFO] from application in application-akka.actor.default-dispatcher-8 - Asking children to end turn
2015-10-26 21:51:06,530 [INFO] from application in application-akka.actor.default-dispatcher-4 - Asking children to end turn
2015-10-26 21:51:11,529 [INFO] from application in application-akka.actor.default-dispatcher-7 - Asking children to end turn
2015-10-26 21:51:16,529 [INFO] from application in application-akka.actor.default-dispatcher-7 - Asking children to end turn
2015-10-26 21:51:21,529 [INFO] from application in application-akka.actor.default-dispatcher-8 - Asking children to end turn
2015-10-26 21:51:26,529 [INFO] from application in application-akka.actor.default-dispatcher-8 - Asking children to end turn
2015-10-26 21:51:31,529 [INFO] from application in application-akka.actor.default-dispatcher-7 - Asking children to end turn
2015-10-26 21:51:36,529 [INFO] from application in application-akka.actor.default-dispatcher-7 - Asking children to end turn
2015-10-26 21:51:41,529 [INFO] from application in application-akka.actor.default-dispatcher-7 - Asking children to end turn
2015-10-26 21:51:46,529 [INFO] from application in application-akka.actor.default-dispatcher-2 - Asking children to end turn
2015-10-26 21:51:51,529 [INFO] from application in application-akka.actor.default-dispatcher-5 - Asking children to end turn
2015-10-26 21:51:56,529 [INFO] from application in application-akka.actor.default-dispatcher-7 - Asking children to end turn
2015-10-26 21:52:00,410 [INFO] from play.api.libs.concurrent.ActorSystemProvider in ForkJoinPool-4-worker-15 - Shutdown application default Akka system: application
2015-10-26 21:52:00,498 [INFO] from play.api.libs.concurrent.ActorSystemProvider in application-akka.actor.default-dispatcher-2 - Starting application default Akka system: application
2015-10-26 21:52:00,502 [WARN] from swagger in application-akka.actor.default-dispatcher-2 - ControllerScanner - looking for controllers with API annotation
2015-10-26 21:52:00,539 [INFO] from play.api.Play in application-akka.actor.default-dispatcher-2 - Application started (Dev)
2015-10-26 21:52:00,612 [INFO] from application in ForkJoinPool-4-worker-15 - {"value":"Done"}
2015-10-26 21:52:11,421 [INFO] from application in ForkJoinPool-4-worker-5 - Player created at akka://application/user/environment/admin-id
2015-10-26 21:52:11,428 [INFO] from application in ForkJoinPool-4-worker-5 - Player registered at akka://application/user/environment/movbogfluffo
2015-10-26 21:52:11,433 [INFO] from application in ForkJoinPool-4-worker-5 - Player found at akka://application/user/environment/movbogfluffo
2015-10-26 21:52:11,434 [INFO] from application in ForkJoinPool-4-worker-3 - {"owner":{"id":"movbogfluffo","login":"a","name":"a","password":"a"},"qu":[],"startSector":"ejewymq7bdja","items":[{"id":"6sboxx1fwg5a","name":"Crystalharbor","itemType":0,"props":{},"location":{"sectorId":"ejewymq7bdja","sectorPosition":{"x":0,"y":0,"z":0}}},{"id":"tkay1ytcfpmi","name":"CREDITS","itemType":2,"props":{"value":"100"}}]}
2015-10-26 21:52:12,391 [INFO] from application in application-akka.actor.default-dispatcher-3 - Asking children to end turn
2015-10-26 21:52:17,385 [INFO] from application in application-akka.actor.default-dispatcher-3 - Asking children to end turn
2015-10-26 21:52:22,386 [INFO] from application in application-akka.actor.default-dispatcher-2 - Asking children to end turn
2015-10-26 21:52:27,386 [INFO] from application in application-akka.actor.default-dispatcher-3 - Asking children to end turn
2015-10-26 21:52:32,385 [INFO] from application in application-akka.actor.default-dispatcher-3 - Asking children to end turn
2015-10-26 21:52:33,852 [INFO] from application in ForkJoinPool-4-worker-9 - {"owner":{"id":"movbogfluffo","login":"a","name":"a","password":"a"},"qu":[],"startSector":"ejewymq7bdja","items":[]}
2015-10-26 21:52:37,385 [INFO] from application in application-akka.actor.default-dispatcher-2 - Asking children to end turn
2015-10-26 21:52:42,386 [INFO] from application in application-akka.actor.default-dispatcher-3 - Asking children to end turn
2015-10-26 21:52:47,385 [INFO] from application in application-akka.actor.default-dispatcher-3 - Asking children to end turn
2015-10-26 21:52:49,837 [INFO] from play.api.libs.concurrent.ActorSystemProvider in ForkJoinPool-4-worker-9 - Shutdown application default Akka system: application
